[2020-06-04 09:38:18] local.ERROR: SQLSTATE[42S22]: Column not found: 1054 Unknown column 'media_files.file_path' in 'field list' (SQL: select bravo_tours.id, bravo_tours.title, bravo_tour_category.name as category, users.first_name as create_user, users.phone,
    bravo_tours.sale_price, bravo_tours.duration as rooms, media_files.file_path as imageid_path, bravo_tours.address, bravo_locations.name as location, 
    bravo_tours.created_at, bravo_tours.isHot, bravo_locations.map_lat, 
    bravo_locations.map_lng, bravo_tours.bedPlaces, bravo_tours.floor, bravo_tours.content
    from bravo_tours inner join bravo_tour_category on bravo_tours.category_id = bravo_tour_category.id 
    inner join bravo_locations on bravo_tours.location_id = bravo_locations.id
    inner join media_files as imageid_path on imageid_path.id = bravo_tours.image_id
    inner join users on users.id = bravo_tours.create_user) {"exception":"[object] (Illuminate\\Database\\QueryException(code: 42S22): SQLSTATE[42S22]: Column not found: 1054 Unknown column 'media_files.file_path' in 'field list' (SQL: select bravo_tours.id, bravo_tours.title, bravo_tour_category.name as category, users.first_name as create_user, users.phone,
    bravo_tours.sale_price, bravo_tours.duration as rooms, media_files.file_path as imageid_path, bravo_tours.address, bravo_locations.name as location, 
    bravo_tours.created_at, bravo_tours.isHot, bravo_locations.map_lat, 
    bravo_locations.map_lng, bravo_tours.bedPlaces, bravo_tours.floor, bravo_tours.content
    from bravo_tours inner join bravo_tour_category on bravo_tours.category_id = bravo_tour_category.id 
    inner join bravo_locations on bravo_tours.location_id = bravo_locations.id
    inner join media_files as imageid_path on imageid_path.id = bravo_tours.image_id
    inner join users on users.id = bravo_tours.create_user) at /opt/lampp/htdocs/booking8/vendor/laravel/framework/src/Illuminate/Database/Connection.php:664, PDOException(code: 42S22): SQLSTATE[42S22]: Column not found: 1054 Unknown column 'media_files.file_path' in 'field list' at /opt/lampp/htdocs/booking8/vendor/laravel/framework/src/Illuminate/Database/Connection.php:326)
[stacktrace]
#0 /opt/lampp/htdocs/booking8/vendor/laravel/framework/src/Illuminate/Database/Connection.php(624): Illuminate\\Database\\Connection->runQueryCallback()
#1 /opt/lampp/htdocs/booking8/vendor/laravel/framework/src/Illuminate/Database/Connection.php(333): Illuminate\\Database\\Connection->run()
#2 /opt/lampp/htdocs/booking8/vendor/laravel/framework/src/Illuminate/Database/DatabaseManager.php(349): Illuminate\\Database\\Connection->select()
#3 /opt/lampp/htdocs/booking8/vendor/laravel/framework/src/Illuminate/Support/Facades/Facade.php(239): Illuminate\\Database\\DatabaseManager->__call()
#4 /opt/lampp/htdocs/booking8/routes/api.php(31): Illuminate\\Support\\Facades\\Facade::__callStatic()
#5 /opt/lampp/htdocs/booking8/vendor/laravel/framework/src/Illuminate/Routing/Route.php(205): Illuminate\\Routing\\RouteFileRegistrar->{closure}()
#6 /opt/lampp/htdocs/booking8/vendor/laravel/framework/src/Illuminate/Routing/Route.php(179): Illuminate\\Routing\\Route->runCallable()
#7 /opt/lampp/htdocs/booking8/vendor/laravel/framework/src/Illuminate/Routing/Router.php(680): Illuminate\\Routing\\Route->run()
#8 /opt/lampp/htdocs/booking8/vendor/laravel/framework/src/Illuminate/Routing/Pipeline.php(30): Illuminate\\Routing\\Router->Illuminate\\Routing\\{closure}()
#9 /opt/lampp/htdocs/booking8/vendor/laravel/framework/src/Illuminate/Routing/Middleware/SubstituteBindings.php(41): Illuminate\\Routing\\Pipeline->Illuminate\\Routing\\{closure}()
#10 /opt/lampp/htdocs/booking8/vendor/laravel/framework/src/Illuminate/Pipeline/Pipeline.php(163): Illuminate\\Routing\\Middleware\\SubstituteBindings->handle()
#11 /opt/lampp/htdocs/booking8/vendor/laravel/framework/src/Illuminate/Routing/Pipeline.php(53): Illuminate\\Pipeline\\Pipeline->Illuminate\\Pipeline\\{closure}()
#12 /opt/lampp/htdocs/booking8/vendor/laravel/framework/src/Illuminate/Routing/Middleware/ThrottleRequests.php(58): Illuminate\\Routing\\Pipeline->Illuminate\\Routing\\{closure}()
#13 /opt/lampp/htdocs/booking8/vendor/laravel/framework/src/Illuminate/Pipeline/Pipeline.php(163): Illuminate\\Routing\\Middleware\\ThrottleRequests->handle()
#14 /opt/lampp/htdocs/booking8/vendor/laravel/framework/src/Illuminate/Routing/Pipeline.php(53): Illuminate\\Pipeline\\Pipeline->Illuminate\\Pipeline\\{closure}()
#15 /opt/lampp/htdocs/booking8/vendor/laravel/framework/src/Illuminate/Pipeline/Pipeline.php(104): Illuminate\\Routing\\Pipeline->Illuminate\\Routing\\{closure}()
#16 /opt/lampp/htdocs/booking8/vendor/laravel/framework/src/Illuminate/Routing/Router.php(682): Illuminate\\Pipeline\\Pipeline->then()
#17 /opt/lampp/htdocs/booking8/vendor/laravel/framework/src/Illuminate/Routing/Router.php(657): Illuminate\\Routing\\Router->runRouteWithinStack()
#18 /opt/lampp/htdocs/booking8/vendor/laravel/framework/src/Illuminate/Routing/Router.php(623): Illuminate\\Routing\\Router->runRoute()
#19 /opt/lampp/htdocs/booking8/vendor/laravel/framework/src/Illuminate/Routing/Router.php(612): Illuminate\\Routing\\Router->dispatchToRoute()
#20 /opt/lampp/htdocs/booking8/vendor/laravel/framework/src/Illuminate/Foundation/Http/Kernel.php(176): Illuminate\\Routing\\Router->dispatch()
#21 /opt/lampp/htdocs/booking8/vendor/laravel/framework/src/Illuminate/Routing/Pipeline.php(30): Illuminate\\Foundation\\Http\\Kernel->Illuminate\\Foundation\\Http\\{closure}()
#22 /opt/lampp/htdocs/booking8/vendor/barryvdh/laravel-debugbar/src/Middleware/InjectDebugbar.php(65): Illuminate\\Routing\\Pipeline->Illuminate\\Routing\\{closure}()
#23 /opt/lampp/htdocs/booking8/vendor/laravel/framework/src/Illuminate/Pipeline/Pipeline.php(163): Barryvdh\\Debugbar\\Middleware\\InjectDebugbar->handle()
#24 /opt/lampp/htdocs/booking8/vendor/laravel/framework/src/Illuminate/Routing/Pipeline.php(53): Illuminate\\Pipeline\\Pipeline->Illuminate\\Pipeline\\{closure}()
#25 /opt/lampp/htdocs/booking8/app/Http/Middleware/InitConfigsFromDatabase.php(35): Illuminate\\Routing\\Pipeline->Illuminate\\Routing\\{closure}()
#26 /opt/lampp/htdocs/booking8/vendor/laravel/framework/src/Illuminate/Pipeline/Pipeline.php(163): App\\Http\\Middleware\\InitConfigsFromDatabase->handle()
#27 /opt/lampp/htdocs/booking8/vendor/laravel/framework/src/Illuminate/Routing/Pipeline.php(53): Illuminate\\Pipeline\\Pipeline->Illuminate\\Pipeline\\{closure}()
#28 /opt/lampp/htdocs/booking8/vendor/fideloper/proxy/src/TrustProxies.php(57): Illuminate\\Routing\\Pipeline->Illuminate\\Routing\\{closure}()
#29 /opt/lampp/htdocs/booking8/vendor/laravel/framework/src/Illuminate/Pipeline/Pipeline.php(163): Fideloper\\Proxy\\TrustProxies->handle()
#30 /opt/lampp/htdocs/booking8/vendor/laravel/framework/src/Illuminate/Routing/Pipeline.php(53): Illuminate\\Pipeline\\Pipeline->Illuminate\\Pipeline\\{closure}()
#31 /opt/lampp/htdocs/booking8/vendor/laravel/framework/src/Illuminate/Foundation/Http/Middleware/TransformsRequest.php(21): Illuminate\\Routing\\Pipeline->Illuminate\\Routing\\{closure}()
#32 /opt/lampp/htdocs/booking8/vendor/laravel/framework/src/Illuminate/Pipeline/Pipeline.php(163): Illuminate\\Foundation\\Http\\Middleware\\TransformsRequest->handle()
#33 /opt/lampp/htdocs/booking8/vendor/laravel/framework/src/Illuminate/Routing/Pipeline.php(53): Illuminate\\Pipeline\\Pipeline->Illuminate\\Pipeline\\{closure}()
#34 /opt/lampp/htdocs/booking8/vendor/laravel/framework/src/Illuminate/Foundation/Http/Middleware/TransformsRequest.php(21): Illuminate\\Routing\\Pipeline->Illuminate\\Routing\\{closure}()
#35 /opt/lampp/htdocs/booking8/vendor/laravel/framework/src/Illuminate/Pipeline/Pipeline.php(163): Illuminate\\Foundation\\Http\\Middleware\\TransformsRequest->handle()
#36 /opt/lampp/htdocs/booking8/vendor/laravel/framework/src/Illuminate/Routing/Pipeline.php(53): Illuminate\\Pipeline\\Pipeline->Illuminate\\Pipeline\\{closure}()
#37 /opt/lampp/htdocs/booking8/vendor/laravel/framework/src/Illuminate/Foundation/Http/Middleware/ValidatePostSize.php(27): Illuminate\\Routing\\Pipeline->Illuminate\\Routing\\{closure}()
#38 /opt/lampp/htdocs/booking8/vendor/laravel/framework/src/Illuminate/Pipeline/Pipeline.php(163): Illuminate\\Foundation\\Http\\Middleware\\ValidatePostSize->handle()
#39 /opt/lampp/htdocs/booking8/vendor/laravel/framework/src/Illuminate/Routing/Pipeline.php(53): Illuminate\\Pipeline\\Pipeline->Illuminate\\Pipeline\\{closure}()
#40 /opt/lampp/htdocs/booking8/vendor/laravel/framework/src/Illuminate/Foundation/Http/Middleware/CheckForMaintenanceMode.php(62): Illuminate\\Routing\\Pipeline->Illuminate\\Routing\\{closure}()
#41 /opt/lampp/htdocs/booking8/vendor/laravel/framework/src/Illuminate/Pipeline/Pipeline.php(163): Illuminate\\Foundation\\Http\\Middleware\\CheckForMaintenanceMode->handle()
#42 /opt/lampp/htdocs/booking8/vendor/laravel/framework/src/Illuminate/Routing/Pipeline.php(53): Illuminate\\Pipeline\\Pipeline->Illuminate\\Pipeline\\{closure}()
#43 /opt/lampp/htdocs/booking8/app/Http/Middleware/RedirectToInstaller.php(32): Illuminate\\Routing\\Pipeline->Illuminate\\Routing\\{closure}()
#44 /opt/lampp/htdocs/booking8/vendor/laravel/framework/src/Illuminate/Pipeline/Pipeline.php(163): App\\Http\\Middleware\\RedirectToInstaller->handle()
#45 /opt/lampp/htdocs/booking8/vendor/laravel/framework/src/Illuminate/Routing/Pipeline.php(53): Illuminate\\Pipeline\\Pipeline->Illuminate\\Pipeline\\{closure}()
#46 /opt/lampp/htdocs/booking8/vendor/laravel/framework/src/Illuminate/Pipeline/Pipeline.php(104): Illuminate\\Routing\\Pipeline->Illuminate\\Routing\\{closure}()
#47 /opt/lampp/htdocs/booking8/vendor/laravel/framework/src/Illuminate/Foundation/Http/Kernel.php(151): Illuminate\\Pipeline\\Pipeline->then()
#48 /opt/lampp/htdocs/booking8/vendor/laravel/framework/src/Illuminate/Foundation/Http/Kernel.php(116): Illuminate\\Foundation\\Http\\Kernel->sendRequestThroughRouter()
#49 /opt/lampp/htdocs/booking8/public/index.php(55): Illuminate\\Foundation\\Http\\Kernel->handle()
#50 /opt/lampp/htdocs/booking8/server.php(21): require_once('/opt/lampp/htdo...')
#51 {main}
"} 
[2020-06-04 09:50:09] local.ERROR: SQLSTATE[42S22]: Column not found: 1054 Unknown column 'media_files.file_path' in 'field list' (SQL: select bravo_tours.id, bravo_tours.title, bravo_tour_category.name as category, users.first_name as create_user, users.phone,
    bravo_tours.sale_price, bravo_tours.duration as rooms, media_files.file_path as imageid_path, bravo_tours.address, bravo_locations.name as location, 
    bravo_tours.created_at, bravo_tours.isHot, bravo_locations.map_lat, 
    bravo_locations.map_lng, bravo_tours.bedPlaces, bravo_tours.floor, bravo_tours.content
    from bravo_tours inner join bravo_tour_category on bravo_tours.category_id = bravo_tour_category.id 
    inner join bravo_locations on bravo_tours.location_id = bravo_locations.id
    inner join media_files as imageid_path on imageid_path.id = bravo_tours.image_id
    inner join users on users.id = bravo_tours.create_user) {"exception":"[object] (Illuminate\\Database\\QueryException(code: 42S22): SQLSTATE[42S22]: Column not found: 1054 Unknown column 'media_files.file_path' in 'field list' (SQL: select bravo_tours.id, bravo_tours.title, bravo_tour_category.name as category, users.first_name as create_user, users.phone,
    bravo_tours.sale_price, bravo_tours.duration as rooms, media_files.file_path as imageid_path, bravo_tours.address, bravo_locations.name as location, 
    bravo_tours.created_at, bravo_tours.isHot, bravo_locations.map_lat, 
    bravo_locations.map_lng, bravo_tours.bedPlaces, bravo_tours.floor, bravo_tours.content
    from bravo_tours inner join bravo_tour_category on bravo_tours.category_id = bravo_tour_category.id 
    inner join bravo_locations on bravo_tours.location_id = bravo_locations.id
    inner join media_files as imageid_path on imageid_path.id = bravo_tours.image_id
    inner join users on users.id = bravo_tours.create_user) at /opt/lampp/htdocs/booking8/vendor/laravel/framework/src/Illuminate/Database/Connection.php:664, PDOException(code: 42S22): SQLSTATE[42S22]: Column not found: 1054 Unknown column 'media_files.file_path' in 'field list' at /opt/lampp/htdocs/booking8/vendor/laravel/framework/src/Illuminate/Database/Connection.php:326)
[stacktrace]
#0 /opt/lampp/htdocs/booking8/vendor/laravel/framework/src/Illuminate/Database/Connection.php(624): Illuminate\\Database\\Connection->runQueryCallback()
#1 /opt/lampp/htdocs/booking8/vendor/laravel/framework/src/Illuminate/Database/Connection.php(333): Illuminate\\Database\\Connection->run()
#2 /opt/lampp/htdocs/booking8/vendor/laravel/framework/src/Illuminate/Database/DatabaseManager.php(349): Illuminate\\Database\\Connection->select()
#3 /opt/lampp/htdocs/booking8/vendor/laravel/framework/src/Illuminate/Support/Facades/Facade.php(239): Illuminate\\Database\\DatabaseManager->__call()
#4 /opt/lampp/htdocs/booking8/routes/api.php(31): Illuminate\\Support\\Facades\\Facade::__callStatic()
#5 /opt/lampp/htdocs/booking8/vendor/laravel/framework/src/Illuminate/Routing/Route.php(205): Illuminate\\Routing\\RouteFileRegistrar->{closure}()
#6 /opt/lampp/htdocs/booking8/vendor/laravel/framework/src/Illuminate/Routing/Route.php(179): Illuminate\\Routing\\Route->runCallable()
#7 /opt/lampp/htdocs/booking8/vendor/laravel/framework/src/Illuminate/Routing/Router.php(680): Illuminate\\Routing\\Route->run()
#8 /opt/lampp/htdocs/booking8/vendor/laravel/framework/src/Illuminate/Routing/Pipeline.php(30): Illuminate\\Routing\\Router->Illuminate\\Routing\\{closure}()
#9 /opt/lampp/htdocs/booking8/vendor/laravel/framework/src/Illuminate/Routing/Middleware/SubstituteBindings.php(41): Illuminate\\Routing\\Pipeline->Illuminate\\Routing\\{closure}()
#10 /opt/lampp/htdocs/booking8/vendor/laravel/framework/src/Illuminate/Pipeline/Pipeline.php(163): Illuminate\\Routing\\Middleware\\SubstituteBindings->handle()
#11 /opt/lampp/htdocs/booking8/vendor/laravel/framework/src/Illuminate/Routing/Pipeline.php(53): Illuminate\\Pipeline\\Pipeline->Illuminate\\Pipeline\\{closure}()
#12 /opt/lampp/htdocs/booking8/vendor/laravel/framework/src/Illuminate/Routing/Middleware/ThrottleRequests.php(58): Illuminate\\Routing\\Pipeline->Illuminate\\Routing\\{closure}()
#13 /opt/lampp/htdocs/booking8/vendor/laravel/framework/src/Illuminate/Pipeline/Pipeline.php(163): Illuminate\\Routing\\Middleware\\ThrottleRequests->handle()
#14 /opt/lampp/htdocs/booking8/vendor/laravel/framework/src/Illuminate/Routing/Pipeline.php(53): Illuminate\\Pipeline\\Pipeline->Illuminate\\Pipeline\\{closure}()
#15 /opt/lampp/htdocs/booking8/vendor/laravel/framework/src/Illuminate/Pipeline/Pipeline.php(104): Illuminate\\Routing\\Pipeline->Illuminate\\Routing\\{closure}()
#16 /opt/lampp/htdocs/booking8/vendor/laravel/framework/src/Illuminate/Routing/Router.php(682): Illuminate\\Pipeline\\Pipeline->then()
#17 /opt/lampp/htdocs/booking8/vendor/laravel/framework/src/Illuminate/Routing/Router.php(657): Illuminate\\Routing\\Router->runRouteWithinStack()
#18 /opt/lampp/htdocs/booking8/vendor/laravel/framework/src/Illuminate/Routing/Router.php(623): Illuminate\\Routing\\Router->runRoute()
#19 /opt/lampp/htdocs/booking8/vendor/laravel/framework/src/Illuminate/Routing/Router.php(612): Illuminate\\Routing\\Router->dispatchToRoute()
#20 /opt/lampp/htdocs/booking8/vendor/laravel/framework/src/Illuminate/Foundation/Http/Kernel.php(176): Illuminate\\Routing\\Router->dispatch()
#21 /opt/lampp/htdocs/booking8/vendor/laravel/framework/src/Illuminate/Routing/Pipeline.php(30): Illuminate\\Foundation\\Http\\Kernel->Illuminate\\Foundation\\Http\\{closure}()
#22 /opt/lampp/htdocs/booking8/vendor/barryvdh/laravel-debugbar/src/Middleware/InjectDebugbar.php(65): Illuminate\\Routing\\Pipeline->Illuminate\\Routing\\{closure}()
#23 /opt/lampp/htdocs/booking8/vendor/laravel/framework/src/Illuminate/Pipeline/Pipeline.php(163): Barryvdh\\Debugbar\\Middleware\\InjectDebugbar->handle()
#24 /opt/lampp/htdocs/booking8/vendor/laravel/framework/src/Illuminate/Routing/Pipeline.php(53): Illuminate\\Pipeline\\Pipeline->Illuminate\\Pipeline\\{closure}()
#25 /opt/lampp/htdocs/booking8/app/Http/Middleware/InitConfigsFromDatabase.php(35): Illuminate\\Routing\\Pipeline->Illuminate\\Routing\\{closure}()
#26 /opt/lampp/htdocs/booking8/vendor/laravel/framework/src/Illuminate/Pipeline/Pipeline.php(163): App\\Http\\Middleware\\InitConfigsFromDatabase->handle()
#27 /opt/lampp/htdocs/booking8/vendor/laravel/framework/src/Illuminate/Routing/Pipeline.php(53): Illuminate\\Pipeline\\Pipeline->Illuminate\\Pipeline\\{closure}()
#28 /opt/lampp/htdocs/booking8/vendor/fideloper/proxy/src/TrustProxies.php(57): Illuminate\\Routing\\Pipeline->Illuminate\\Routing\\{closure}()
#29 /opt/lampp/htdocs/booking8/vendor/laravel/framework/src/Illuminate/Pipeline/Pipeline.php(163): Fideloper\\Proxy\\TrustProxies->handle()
#30 /opt/lampp/htdocs/booking8/vendor/laravel/framework/src/Illuminate/Routing/Pipeline.php(53): Illuminate\\Pipeline\\Pipeline->Illuminate\\Pipeline\\{closure}()
#31 /opt/lampp/htdocs/booking8/vendor/laravel/framework/src/Illuminate/Foundation/Http/Middleware/TransformsRequest.php(21): Illuminate\\Routing\\Pipeline->Illuminate\\Routing\\{closure}()
#32 /opt/lampp/htdocs/booking8/vendor/laravel/framework/src/Illuminate/Pipeline/Pipeline.php(163): Illuminate\\Foundation\\Http\\Middleware\\TransformsRequest->handle()
#33 /opt/lampp/htdocs/booking8/vendor/laravel/framework/src/Illuminate/Routing/Pipeline.php(53): Illuminate\\Pipeline\\Pipeline->Illuminate\\Pipeline\\{closure}()
#34 /opt/lampp/htdocs/booking8/vendor/laravel/framework/src/Illuminate/Foundation/Http/Middleware/TransformsRequest.php(21): Illuminate\\Routing\\Pipeline->Illuminate\\Routing\\{closure}()
#35 /opt/lampp/htdocs/booking8/vendor/laravel/framework/src/Illuminate/Pipeline/Pipeline.php(163): Illuminate\\Foundation\\Http\\Middleware\\TransformsRequest->handle()
#36 /opt/lampp/htdocs/booking8/vendor/laravel/framework/src/Illuminate/Routing/Pipeline.php(53): Illuminate\\Pipeline\\Pipeline->Illuminate\\Pipeline\\{closure}()
#37 /opt/lampp/htdocs/booking8/vendor/laravel/framework/src/Illuminate/Foundation/Http/Middleware/ValidatePostSize.php(27): Illuminate\\Routing\\Pipeline->Illuminate\\Routing\\{closure}()
#38 /opt/lampp/htdocs/booking8/vendor/laravel/framework/src/Illuminate/Pipeline/Pipeline.php(163): Illuminate\\Foundation\\Http\\Middleware\\ValidatePostSize->handle()
#39 /opt/lampp/htdocs/booking8/vendor/laravel/framework/src/Illuminate/Routing/Pipeline.php(53): Illuminate\\Pipeline\\Pipeline->Illuminate\\Pipeline\\{closure}()
#40 /opt/lampp/htdocs/booking8/vendor/laravel/framework/src/Illuminate/Foundation/Http/Middleware/CheckForMaintenanceMode.php(62): Illuminate\\Routing\\Pipeline->Illuminate\\Routing\\{closure}()
#41 /opt/lampp/htdocs/booking8/vendor/laravel/framework/src/Illuminate/Pipeline/Pipeline.php(163): Illuminate\\Foundation\\Http\\Middleware\\CheckForMaintenanceMode->handle()
#42 /opt/lampp/htdocs/booking8/vendor/laravel/framework/src/Illuminate/Routing/Pipeline.php(53): Illuminate\\Pipeline\\Pipeline->Illuminate\\Pipeline\\{closure}()
#43 /opt/lampp/htdocs/booking8/app/Http/Middleware/RedirectToInstaller.php(32): Illuminate\\Routing\\Pipeline->Illuminate\\Routing\\{closure}()
#44 /opt/lampp/htdocs/booking8/vendor/laravel/framework/src/Illuminate/Pipeline/Pipeline.php(163): App\\Http\\Middleware\\RedirectToInstaller->handle()
#45 /opt/lampp/htdocs/booking8/vendor/laravel/framework/src/Illuminate/Routing/Pipeline.php(53): Illuminate\\Pipeline\\Pipeline->Illuminate\\Pipeline\\{closure}()
#46 /opt/lampp/htdocs/booking8/vendor/laravel/framework/src/Illuminate/Pipeline/Pipeline.php(104): Illuminate\\Routing\\Pipeline->Illuminate\\Routing\\{closure}()
#47 /opt/lampp/htdocs/booking8/vendor/laravel/framework/src/Illuminate/Foundation/Http/Kernel.php(151): Illuminate\\Pipeline\\Pipeline->then()
#48 /opt/lampp/htdocs/booking8/vendor/laravel/framework/src/Illuminate/Foundation/Http/Kernel.php(116): Illuminate\\Foundation\\Http\\Kernel->sendRequestThroughRouter()
#49 /opt/lampp/htdocs/booking8/public/index.php(55): Illuminate\\Foundation\\Http\\Kernel->handle()
#50 /opt/lampp/htdocs/booking8/server.php(21): require_once('/opt/lampp/htdo...')
#51 {main}
"} 
[2020-06-04 09:55:25] local.ERROR: SQLSTATE[42S22]: Column not found: 1054 Unknown column 'media_files.file_path' in 'field list' (SQL: select bravo_tours.id, bravo_tours.title, bravo_tour_category.name as category, users.first_name as create_user, users.phone,
    bravo_tours.sale_price, bravo_tours.duration as rooms, media_files.file_path as imageid_path, bravo_tours.address, bravo_locations.name as location, 
    bravo_tours.created_at, bravo_tours.isHot, bravo_locations.map_lat, 
    bravo_locations.map_lng, bravo_tours.bedPlaces, bravo_tours.floor, bravo_tours.content
    from bravo_tours inner join bravo_tour_category on bravo_tours.category_id = bravo_tour_category.id 
    inner join bravo_locations on bravo_tours.location_id = bravo_locations.id
    inner join media_files as imageid_path on imageid_path.id = bravo_tours.image_id
    inner join users on users.id = bravo_tours.create_user) {"exception":"[object] (Illuminate\\Database\\QueryException(code: 42S22): SQLSTATE[42S22]: Column not found: 1054 Unknown column 'media_files.file_path' in 'field list' (SQL: select bravo_tours.id, bravo_tours.title, bravo_tour_category.name as category, users.first_name as create_user, users.phone,
    bravo_tours.sale_price, bravo_tours.duration as rooms, media_files.file_path as imageid_path, bravo_tours.address, bravo_locations.name as location, 
    bravo_tours.created_at, bravo_tours.isHot, bravo_locations.map_lat, 
    bravo_locations.map_lng, bravo_tours.bedPlaces, bravo_tours.floor, bravo_tours.content
    from bravo_tours inner join bravo_tour_category on bravo_tours.category_id = bravo_tour_category.id 
    inner join bravo_locations on bravo_tours.location_id = bravo_locations.id
    inner join media_files as imageid_path on imageid_path.id = bravo_tours.image_id
    inner join users on users.id = bravo_tours.create_user) at /opt/lampp/htdocs/booking8/vendor/laravel/framework/src/Illuminate/Database/Connection.php:664, PDOException(code: 42S22): SQLSTATE[42S22]: Column not found: 1054 Unknown column 'media_files.file_path' in 'field list' at /opt/lampp/htdocs/booking8/vendor/laravel/framework/src/Illuminate/Database/Connection.php:326)
[stacktrace]
#0 /opt/lampp/htdocs/booking8/vendor/laravel/framework/src/Illuminate/Database/Connection.php(624): Illuminate\\Database\\Connection->runQueryCallback()
#1 /opt/lampp/htdocs/booking8/vendor/laravel/framework/src/Illuminate/Database/Connection.php(333): Illuminate\\Database\\Connection->run()
#2 /opt/lampp/htdocs/booking8/vendor/laravel/framework/src/Illuminate/Database/DatabaseManager.php(349): Illuminate\\Database\\Connection->select()
#3 /opt/lampp/htdocs/booking8/vendor/laravel/framework/src/Illuminate/Support/Facades/Facade.php(239): Illuminate\\Database\\DatabaseManager->__call()
#4 /opt/lampp/htdocs/booking8/routes/api.php(31): Illuminate\\Support\\Facades\\Facade::__callStatic()
#5 /opt/lampp/htdocs/booking8/vendor/laravel/framework/src/Illuminate/Routing/Route.php(205): Illuminate\\Routing\\RouteFileRegistrar->{closure}()
#6 /opt/lampp/htdocs/booking8/vendor/laravel/framework/src/Illuminate/Routing/Route.php(179): Illuminate\\Routing\\Route->runCallable()
#7 /opt/lampp/htdocs/booking8/vendor/laravel/framework/src/Illuminate/Routing/Router.php(680): Illuminate\\Routing\\Route->run()
#8 /opt/lampp/htdocs/booking8/vendor/laravel/framework/src/Illuminate/Routing/Pipeline.php(30): Illuminate\\Routing\\Router->Illuminate\\Routing\\{closure}()
#9 /opt/lampp/htdocs/booking8/vendor/laravel/framework/src/Illuminate/Routing/Middleware/SubstituteBindings.php(41): Illuminate\\Routing\\Pipeline->Illuminate\\Routing\\{closure}()
#10 /opt/lampp/htdocs/booking8/vendor/laravel/framework/src/Illuminate/Pipeline/Pipeline.php(163): Illuminate\\Routing\\Middleware\\SubstituteBindings->handle()
#11 /opt/lampp/htdocs/booking8/vendor/laravel/framework/src/Illuminate/Routing/Pipeline.php(53): Illuminate\\Pipeline\\Pipeline->Illuminate\\Pipeline\\{closure}()
#12 /opt/lampp/htdocs/booking8/vendor/laravel/framework/src/Illuminate/Routing/Middleware/ThrottleRequests.php(58): Illuminate\\Routing\\Pipeline->Illuminate\\Routing\\{closure}()
#13 /opt/lampp/htdocs/booking8/vendor/laravel/framework/src/Illuminate/Pipeline/Pipeline.php(163): Illuminate\\Routing\\Middleware\\ThrottleRequests->handle()
#14 /opt/lampp/htdocs/booking8/vendor/laravel/framework/src/Illuminate/Routing/Pipeline.php(53): Illuminate\\Pipeline\\Pipeline->Illuminate\\Pipeline\\{closure}()
#15 /opt/lampp/htdocs/booking8/vendor/laravel/framework/src/Illuminate/Pipeline/Pipeline.php(104): Illuminate\\Routing\\Pipeline->Illuminate\\Routing\\{closure}()
#16 /opt/lampp/htdocs/booking8/vendor/laravel/framework/src/Illuminate/Routing/Router.php(682): Illuminate\\Pipeline\\Pipeline->then()
#17 /opt/lampp/htdocs/booking8/vendor/laravel/framework/src/Illuminate/Routing/Router.php(657): Illuminate\\Routing\\Router->runRouteWithinStack()
#18 /opt/lampp/htdocs/booking8/vendor/laravel/framework/src/Illuminate/Routing/Router.php(623): Illuminate\\Routing\\Router->runRoute()
#19 /opt/lampp/htdocs/booking8/vendor/laravel/framework/src/Illuminate/Routing/Router.php(612): Illuminate\\Routing\\Router->dispatchToRoute()
#20 /opt/lampp/htdocs/booking8/vendor/laravel/framework/src/Illuminate/Foundation/Http/Kernel.php(176): Illuminate\\Routing\\Router->dispatch()
#21 /opt/lampp/htdocs/booking8/vendor/laravel/framework/src/Illuminate/Routing/Pipeline.php(30): Illuminate\\Foundation\\Http\\Kernel->Illuminate\\Foundation\\Http\\{closure}()
#22 /opt/lampp/htdocs/booking8/vendor/barryvdh/laravel-debugbar/src/Middleware/InjectDebugbar.php(65): Illuminate\\Routing\\Pipeline->Illuminate\\Routing\\{closure}()
#23 /opt/lampp/htdocs/booking8/vendor/laravel/framework/src/Illuminate/Pipeline/Pipeline.php(163): Barryvdh\\Debugbar\\Middleware\\InjectDebugbar->handle()
#24 /opt/lampp/htdocs/booking8/vendor/laravel/framework/src/Illuminate/Routing/Pipeline.php(53): Illuminate\\Pipeline\\Pipeline->Illuminate\\Pipeline\\{closure}()
#25 /opt/lampp/htdocs/booking8/app/Http/Middleware/InitConfigsFromDatabase.php(35): Illuminate\\Routing\\Pipeline->Illuminate\\Routing\\{closure}()
#26 /opt/lampp/htdocs/booking8/vendor/laravel/framework/src/Illuminate/Pipeline/Pipeline.php(163): App\\Http\\Middleware\\InitConfigsFromDatabase->handle()
#27 /opt/lampp/htdocs/booking8/vendor/laravel/framework/src/Illuminate/Routing/Pipeline.php(53): Illuminate\\Pipeline\\Pipeline->Illuminate\\Pipeline\\{closure}()
#28 /opt/lampp/htdocs/booking8/vendor/fideloper/proxy/src/TrustProxies.php(57): Illuminate\\Routing\\Pipeline->Illuminate\\Routing\\{closure}()
#29 /opt/lampp/htdocs/booking8/vendor/laravel/framework/src/Illuminate/Pipeline/Pipeline.php(163): Fideloper\\Proxy\\TrustProxies->handle()
#30 /opt/lampp/htdocs/booking8/vendor/laravel/framework/src/Illuminate/Routing/Pipeline.php(53): Illuminate\\Pipeline\\Pipeline->Illuminate\\Pipeline\\{closure}()
#31 /opt/lampp/htdocs/booking8/vendor/laravel/framework/src/Illuminate/Foundation/Http/Middleware/TransformsRequest.php(21): Illuminate\\Routing\\Pipeline->Illuminate\\Routing\\{closure}()
#32 /opt/lampp/htdocs/booking8/vendor/laravel/framework/src/Illuminate/Pipeline/Pipeline.php(163): Illuminate\\Foundation\\Http\\Middleware\\TransformsRequest->handle()
#33 /opt/lampp/htdocs/booking8/vendor/laravel/framework/src/Illuminate/Routing/Pipeline.php(53): Illuminate\\Pipeline\\Pipeline->Illuminate\\Pipeline\\{closure}()
#34 /opt/lampp/htdocs/booking8/vendor/laravel/framework/src/Illuminate/Foundation/Http/Middleware/TransformsRequest.php(21): Illuminate\\Routing\\Pipeline->Illuminate\\Routing\\{closure}()
#35 /opt/lampp/htdocs/booking8/vendor/laravel/framework/src/Illuminate/Pipeline/Pipeline.php(163): Illuminate\\Foundation\\Http\\Middleware\\TransformsRequest->handle()
#36 /opt/lampp/htdocs/booking8/vendor/laravel/framework/src/Illuminate/Routing/Pipeline.php(53): Illuminate\\Pipeline\\Pipeline->Illuminate\\Pipeline\\{closure}()
#37 /opt/lampp/htdocs/booking8/vendor/laravel/framework/src/Illuminate/Foundation/Http/Middleware/ValidatePostSize.php(27): Illuminate\\Routing\\Pipeline->Illuminate\\Routing\\{closure}()
#38 /opt/lampp/htdocs/booking8/vendor/laravel/framework/src/Illuminate/Pipeline/Pipeline.php(163): Illuminate\\Foundation\\Http\\Middleware\\ValidatePostSize->handle()
#39 /opt/lampp/htdocs/booking8/vendor/laravel/framework/src/Illuminate/Routing/Pipeline.php(53): Illuminate\\Pipeline\\Pipeline->Illuminate\\Pipeline\\{closure}()
#40 /opt/lampp/htdocs/booking8/vendor/laravel/framework/src/Illuminate/Foundation/Http/Middleware/CheckForMaintenanceMode.php(62): Illuminate\\Routing\\Pipeline->Illuminate\\Routing\\{closure}()
#41 /opt/lampp/htdocs/booking8/vendor/laravel/framework/src/Illuminate/Pipeline/Pipeline.php(163): Illuminate\\Foundation\\Http\\Middleware\\CheckForMaintenanceMode->handle()
#42 /opt/lampp/htdocs/booking8/vendor/laravel/framework/src/Illuminate/Routing/Pipeline.php(53): Illuminate\\Pipeline\\Pipeline->Illuminate\\Pipeline\\{closure}()
#43 /opt/lampp/htdocs/booking8/app/Http/Middleware/RedirectToInstaller.php(32): Illuminate\\Routing\\Pipeline->Illuminate\\Routing\\{closure}()
#44 /opt/lampp/htdocs/booking8/vendor/laravel/framework/src/Illuminate/Pipeline/Pipeline.php(163): App\\Http\\Middleware\\RedirectToInstaller->handle()
#45 /opt/lampp/htdocs/booking8/vendor/laravel/framework/src/Illuminate/Routing/Pipeline.php(53): Illuminate\\Pipeline\\Pipeline->Illuminate\\Pipeline\\{closure}()
#46 /opt/lampp/htdocs/booking8/vendor/laravel/framework/src/Illuminate/Pipeline/Pipeline.php(104): Illuminate\\Routing\\Pipeline->Illuminate\\Routing\\{closure}()
#47 /opt/lampp/htdocs/booking8/vendor/laravel/framework/src/Illuminate/Foundation/Http/Kernel.php(151): Illuminate\\Pipeline\\Pipeline->then()
#48 /opt/lampp/htdocs/booking8/vendor/laravel/framework/src/Illuminate/Foundation/Http/Kernel.php(116): Illuminate\\Foundation\\Http\\Kernel->sendRequestThroughRouter()
#49 /opt/lampp/htdocs/booking8/public/index.php(55): Illuminate\\Foundation\\Http\\Kernel->handle()
#50 /opt/lampp/htdocs/booking8/server.php(21): require_once('/opt/lampp/htdo...')
#51 {main}
"} 
[2020-06-04 09:56:22] local.ERROR: SQLSTATE[42S22]: Column not found: 1054 Unknown column 'media_files.file_path' in 'field list' (SQL: select bravo_tours.id, bravo_tours.title, bravo_tour_category.name as category, users.first_name as create_user, users.phone,
    bravo_tours.sale_price, bravo_tours.duration as rooms, bravo_tours.address, bravo_locations.name as location, 
    bravo_tours.created_at, bravo_tours.isHot, bravo_locations.map_lat, 
    bravo_locations.map_lng, bravo_tours.bedPlaces, bravo_tours.floor, bravo_tours.content, media_files.file_path as imageid_path
    from bravo_tours inner join bravo_tour_category on bravo_tours.category_id = bravo_tour_category.id 
    inner join bravo_locations on bravo_tours.location_id = bravo_locations.id
    inner join media_files as imageid_path on imageid_path.id = bravo_tours.image_id
    inner join users on users.id = bravo_tours.create_user) {"exception":"[object] (Illuminate\\Database\\QueryException(code: 42S22): SQLSTATE[42S22]: Column not found: 1054 Unknown column 'media_files.file_path' in 'field list' (SQL: select bravo_tours.id, bravo_tours.title, bravo_tour_category.name as category, users.first_name as create_user, users.phone,
    bravo_tours.sale_price, bravo_tours.duration as rooms, bravo_tours.address, bravo_locations.name as location, 
    bravo_tours.created_at, bravo_tours.isHot, bravo_locations.map_lat, 
    bravo_locations.map_lng, bravo_tours.bedPlaces, bravo_tours.floor, bravo_tours.content, media_files.file_path as imageid_path
    from bravo_tours inner join bravo_tour_category on bravo_tours.category_id = bravo_tour_category.id 
    inner join bravo_locations on bravo_tours.location_id = bravo_locations.id
    inner join media_files as imageid_path on imageid_path.id = bravo_tours.image_id
    inner join users on users.id = bravo_tours.create_user) at /opt/lampp/htdocs/booking8/vendor/laravel/framework/src/Illuminate/Database/Connection.php:664, PDOException(code: 42S22): SQLSTATE[42S22]: Column not found: 1054 Unknown column 'media_files.file_path' in 'field list' at /opt/lampp/htdocs/booking8/vendor/laravel/framework/src/Illuminate/Database/Connection.php:326)
[stacktrace]
#0 /opt/lampp/htdocs/booking8/vendor/laravel/framework/src/Illuminate/Database/Connection.php(624): Illuminate\\Database\\Connection->runQueryCallback()
#1 /opt/lampp/htdocs/booking8/vendor/laravel/framework/src/Illuminate/Database/Connection.php(333): Illuminate\\Database\\Connection->run()
#2 /opt/lampp/htdocs/booking8/vendor/laravel/framework/src/Illuminate/Database/DatabaseManager.php(349): Illuminate\\Database\\Connection->select()
#3 /opt/lampp/htdocs/booking8/vendor/laravel/framework/src/Illuminate/Support/Facades/Facade.php(239): Illuminate\\Database\\DatabaseManager->__call()
#4 /opt/lampp/htdocs/booking8/routes/api.php(31): Illuminate\\Support\\Facades\\Facade::__callStatic()
#5 /opt/lampp/htdocs/booking8/vendor/laravel/framework/src/Illuminate/Routing/Route.php(205): Illuminate\\Routing\\RouteFileRegistrar->{closure}()
#6 /opt/lampp/htdocs/booking8/vendor/laravel/framework/src/Illuminate/Routing/Route.php(179): Illuminate\\Routing\\Route->runCallable()
#7 /opt/lampp/htdocs/booking8/vendor/laravel/framework/src/Illuminate/Routing/Router.php(680): Illuminate\\Routing\\Route->run()
#8 /opt/lampp/htdocs/booking8/vendor/laravel/framework/src/Illuminate/Routing/Pipeline.php(30): Illuminate\\Routing\\Router->Illuminate\\Routing\\{closure}()
#9 /opt/lampp/htdocs/booking8/vendor/laravel/framework/src/Illuminate/Routing/Middleware/SubstituteBindings.php(41): Illuminate\\Routing\\Pipeline->Illuminate\\Routing\\{closure}()
#10 /opt/lampp/htdocs/booking8/vendor/laravel/framework/src/Illuminate/Pipeline/Pipeline.php(163): Illuminate\\Routing\\Middleware\\SubstituteBindings->handle()
#11 /opt/lampp/htdocs/booking8/vendor/laravel/framework/src/Illuminate/Routing/Pipeline.php(53): Illuminate\\Pipeline\\Pipeline->Illuminate\\Pipeline\\{closure}()
#12 /opt/lampp/htdocs/booking8/vendor/laravel/framework/src/Illuminate/Routing/Middleware/ThrottleRequests.php(58): Illuminate\\Routing\\Pipeline->Illuminate\\Routing\\{closure}()
#13 /opt/lampp/htdocs/booking8/vendor/laravel/framework/src/Illuminate/Pipeline/Pipeline.php(163): Illuminate\\Routing\\Middleware\\ThrottleRequests->handle()
#14 /opt/lampp/htdocs/booking8/vendor/laravel/framework/src/Illuminate/Routing/Pipeline.php(53): Illuminate\\Pipeline\\Pipeline->Illuminate\\Pipeline\\{closure}()
#15 /opt/lampp/htdocs/booking8/vendor/laravel/framework/src/Illuminate/Pipeline/Pipeline.php(104): Illuminate\\Routing\\Pipeline->Illuminate\\Routing\\{closure}()
#16 /opt/lampp/htdocs/booking8/vendor/laravel/framework/src/Illuminate/Routing/Router.php(682): Illuminate\\Pipeline\\Pipeline->then()
#17 /opt/lampp/htdocs/booking8/vendor/laravel/framework/src/Illuminate/Routing/Router.php(657): Illuminate\\Routing\\Router->runRouteWithinStack()
#18 /opt/lampp/htdocs/booking8/vendor/laravel/framework/src/Illuminate/Routing/Router.php(623): Illuminate\\Routing\\Router->runRoute()
#19 /opt/lampp/htdocs/booking8/vendor/laravel/framework/src/Illuminate/Routing/Router.php(612): Illuminate\\Routing\\Router->dispatchToRoute()
#20 /opt/lampp/htdocs/booking8/vendor/laravel/framework/src/Illuminate/Foundation/Http/Kernel.php(176): Illuminate\\Routing\\Router->dispatch()
#21 /opt/lampp/htdocs/booking8/vendor/laravel/framework/src/Illuminate/Routing/Pipeline.php(30): Illuminate\\Foundation\\Http\\Kernel->Illuminate\\Foundation\\Http\\{closure}()
#22 /opt/lampp/htdocs/booking8/vendor/barryvdh/laravel-debugbar/src/Middleware/InjectDebugbar.php(65): Illuminate\\Routing\\Pipeline->Illuminate\\Routing\\{closure}()
#23 /opt/lampp/htdocs/booking8/vendor/laravel/framework/src/Illuminate/Pipeline/Pipeline.php(163): Barryvdh\\Debugbar\\Middleware\\InjectDebugbar->handle()
#24 /opt/lampp/htdocs/booking8/vendor/laravel/framework/src/Illuminate/Routing/Pipeline.php(53): Illuminate\\Pipeline\\Pipeline->Illuminate\\Pipeline\\{closure}()
#25 /opt/lampp/htdocs/booking8/app/Http/Middleware/InitConfigsFromDatabase.php(35): Illuminate\\Routing\\Pipeline->Illuminate\\Routing\\{closure}()
#26 /opt/lampp/htdocs/booking8/vendor/laravel/framework/src/Illuminate/Pipeline/Pipeline.php(163): App\\Http\\Middleware\\InitConfigsFromDatabase->handle()
#27 /opt/lampp/htdocs/booking8/vendor/laravel/framework/src/Illuminate/Routing/Pipeline.php(53): Illuminate\\Pipeline\\Pipeline->Illuminate\\Pipeline\\{closure}()
#28 /opt/lampp/htdocs/booking8/vendor/fideloper/proxy/src/TrustProxies.php(57): Illuminate\\Routing\\Pipeline->Illuminate\\Routing\\{closure}()
#29 /opt/lampp/htdocs/booking8/vendor/laravel/framework/src/Illuminate/Pipeline/Pipeline.php(163): Fideloper\\Proxy\\TrustProxies->handle()
#30 /opt/lampp/htdocs/booking8/vendor/laravel/framework/src/Illuminate/Routing/Pipeline.php(53): Illuminate\\Pipeline\\Pipeline->Illuminate\\Pipeline\\{closure}()
#31 /opt/lampp/htdocs/booking8/vendor/laravel/framework/src/Illuminate/Foundation/Http/Middleware/TransformsRequest.php(21): Illuminate\\Routing\\Pipeline->Illuminate\\Routing\\{closure}()
#32 /opt/lampp/htdocs/booking8/vendor/laravel/framework/src/Illuminate/Pipeline/Pipeline.php(163): Illuminate\\Foundation\\Http\\Middleware\\TransformsRequest->handle()
#33 /opt/lampp/htdocs/booking8/vendor/laravel/framework/src/Illuminate/Routing/Pipeline.php(53): Illuminate\\Pipeline\\Pipeline->Illuminate\\Pipeline\\{closure}()
#34 /opt/lampp/htdocs/booking8/vendor/laravel/framework/src/Illuminate/Foundation/Http/Middleware/TransformsRequest.php(21): Illuminate\\Routing\\Pipeline->Illuminate\\Routing\\{closure}()
#35 /opt/lampp/htdocs/booking8/vendor/laravel/framework/src/Illuminate/Pipeline/Pipeline.php(163): Illuminate\\Foundation\\Http\\Middleware\\TransformsRequest->handle()
#36 /opt/lampp/htdocs/booking8/vendor/laravel/framework/src/Illuminate/Routing/Pipeline.php(53): Illuminate\\Pipeline\\Pipeline->Illuminate\\Pipeline\\{closure}()
#37 /opt/lampp/htdocs/booking8/vendor/laravel/framework/src/Illuminate/Foundation/Http/Middleware/ValidatePostSize.php(27): Illuminate\\Routing\\Pipeline->Illuminate\\Routing\\{closure}()
#38 /opt/lampp/htdocs/booking8/vendor/laravel/framework/src/Illuminate/Pipeline/Pipeline.php(163): Illuminate\\Foundation\\Http\\Middleware\\ValidatePostSize->handle()
#39 /opt/lampp/htdocs/booking8/vendor/laravel/framework/src/Illuminate/Routing/Pipeline.php(53): Illuminate\\Pipeline\\Pipeline->Illuminate\\Pipeline\\{closure}()
#40 /opt/lampp/htdocs/booking8/vendor/laravel/framework/src/Illuminate/Foundation/Http/Middleware/CheckForMaintenanceMode.php(62): Illuminate\\Routing\\Pipeline->Illuminate\\Routing\\{closure}()
#41 /opt/lampp/htdocs/booking8/vendor/laravel/framework/src/Illuminate/Pipeline/Pipeline.php(163): Illuminate\\Foundation\\Http\\Middleware\\CheckForMaintenanceMode->handle()
#42 /opt/lampp/htdocs/booking8/vendor/laravel/framework/src/Illuminate/Routing/Pipeline.php(53): Illuminate\\Pipeline\\Pipeline->Illuminate\\Pipeline\\{closure}()
#43 /opt/lampp/htdocs/booking8/app/Http/Middleware/RedirectToInstaller.php(32): Illuminate\\Routing\\Pipeline->Illuminate\\Routing\\{closure}()
#44 /opt/lampp/htdocs/booking8/vendor/laravel/framework/src/Illuminate/Pipeline/Pipeline.php(163): App\\Http\\Middleware\\RedirectToInstaller->handle()
#45 /opt/lampp/htdocs/booking8/vendor/laravel/framework/src/Illuminate/Routing/Pipeline.php(53): Illuminate\\Pipeline\\Pipeline->Illuminate\\Pipeline\\{closure}()
#46 /opt/lampp/htdocs/booking8/vendor/laravel/framework/src/Illuminate/Pipeline/Pipeline.php(104): Illuminate\\Routing\\Pipeline->Illuminate\\Routing\\{closure}()
#47 /opt/lampp/htdocs/booking8/vendor/laravel/framework/src/Illuminate/Foundation/Http/Kernel.php(151): Illuminate\\Pipeline\\Pipeline->then()
#48 /opt/lampp/htdocs/booking8/vendor/laravel/framework/src/Illuminate/Foundation/Http/Kernel.php(116): Illuminate\\Foundation\\Http\\Kernel->sendRequestThroughRouter()
#49 /opt/lampp/htdocs/booking8/public/index.php(55): Illuminate\\Foundation\\Http\\Kernel->handle()
#50 /opt/lampp/htdocs/booking8/server.php(21): require_once('/opt/lampp/htdo...')
#51 {main}
"} 
[2020-06-04 12:41:05] local.ERROR: SQLSTATE[42000]: Syntax error or access violation: 1064 You have an error in your SQL syntax; check the manual that corresponds to your MariaDB server version for the right syntax to use near 'on bravo_terms.attr_id = bravo_attrs.id
    inner join media_files on FIND_IN_S' at line 10 (SQL: select bravo_tours.id, bravo_tours.title, bravo_tour_category.name as category, users.first_name as create_user, users.phone,
    bravo_tours.sale_price, bravo_tours.duration as rooms, media_files.file_path as imageid_path, bravo_tours.address, bravo_locations.name as location, 
    bravo_tours.created_at, bravo_tours.isHot, bravo_locations.map_lat, 
    bravo_locations.map_lng, bravo_tours.bedPlaces, bravo_tours.floor, bravo_tours.content, group_concat(media_files.file_path) as file_path, group_concat(bravo_terms.name) as comfort_name
    from bravo_tours inner join bravo_tour_category on bravo_tours.category_id = bravo_tour_category.id 
    inner join bravo_locations on bravo_tours.location_id = bravo_locations.id
    inner join media_files as imageid_path on imageid_path.id = bravo_tours.image_id
    inner join users on users.id = bravo_tours.create_user
    inner join bravo_tour_term on bravo_tour_term.tour_id = bravo_tours.id
    inner join bravo_terms on bravo_terms.id = bravo_tour_term.term_id and on bravo_terms.attr_id = bravo_attrs.id
    inner join media_files on FIND_IN_SET(media_files.id, bravo_tours.gallery) where bravo_tours.id = 20) {"exception":"[object] (Illuminate\\Database\\QueryException(code: 42000): SQLSTATE[42000]: Syntax error or access violation: 1064 You have an error in your SQL syntax; check the manual that corresponds to your MariaDB server version for the right syntax to use near 'on bravo_terms.attr_id = bravo_attrs.id
    inner join media_files on FIND_IN_S' at line 10 (SQL: select bravo_tours.id, bravo_tours.title, bravo_tour_category.name as category, users.first_name as create_user, users.phone,
    bravo_tours.sale_price, bravo_tours.duration as rooms, media_files.file_path as imageid_path, bravo_tours.address, bravo_locations.name as location, 
    bravo_tours.created_at, bravo_tours.isHot, bravo_locations.map_lat, 
    bravo_locations.map_lng, bravo_tours.bedPlaces, bravo_tours.floor, bravo_tours.content, group_concat(media_files.file_path) as file_path, group_concat(bravo_terms.name) as comfort_name
    from bravo_tours inner join bravo_tour_category on bravo_tours.category_id = bravo_tour_category.id 
    inner join bravo_locations on bravo_tours.location_id = bravo_locations.id
    inner join media_files as imageid_path on imageid_path.id = bravo_tours.image_id
    inner join users on users.id = bravo_tours.create_user
    inner join bravo_tour_term on bravo_tour_term.tour_id = bravo_tours.id
    inner join bravo_terms on bravo_terms.id = bravo_tour_term.term_id and on bravo_terms.attr_id = bravo_attrs.id
    inner join media_files on FIND_IN_SET(media_files.id, bravo_tours.gallery) where bravo_tours.id = 20) at /opt/lampp/htdocs/booking8/vendor/laravel/framework/src/Illuminate/Database/Connection.php:664, PDOException(code: 42000): SQLSTATE[42000]: Syntax error or access violation: 1064 You have an error in your SQL syntax; check the manual that corresponds to your MariaDB server version for the right syntax to use near 'on bravo_terms.attr_id = bravo_attrs.id
    inner join media_files on FIND_IN_S' at line 10 at /opt/lampp/htdocs/booking8/vendor/laravel/framework/src/Illuminate/Database/Connection.php:326)
[stacktrace]
#0 /opt/lampp/htdocs/booking8/vendor/laravel/framework/src/Illuminate/Database/Connection.php(624): Illuminate\\Database\\Connection->runQueryCallback()
#1 /opt/lampp/htdocs/booking8/vendor/laravel/framework/src/Illuminate/Database/Connection.php(333): Illuminate\\Database\\Connection->run()
#2 /opt/lampp/htdocs/booking8/vendor/laravel/framework/src/Illuminate/Database/DatabaseManager.php(349): Illuminate\\Database\\Connection->select()
#3 /opt/lampp/htdocs/booking8/vendor/laravel/framework/src/Illuminate/Support/Facades/Facade.php(239): Illuminate\\Database\\DatabaseManager->__call()
#4 /opt/lampp/htdocs/booking8/routes/api.php(54): Illuminate\\Support\\Facades\\Facade::__callStatic()
#5 /opt/lampp/htdocs/booking8/vendor/laravel/framework/src/Illuminate/Routing/Route.php(205): Illuminate\\Routing\\RouteFileRegistrar->{closure}()
#6 /opt/lampp/htdocs/booking8/vendor/laravel/framework/src/Illuminate/Routing/Route.php(179): Illuminate\\Routing\\Route->runCallable()
#7 /opt/lampp/htdocs/booking8/vendor/laravel/framework/src/Illuminate/Routing/Router.php(680): Illuminate\\Routing\\Route->run()
#8 /opt/lampp/htdocs/booking8/vendor/laravel/framework/src/Illuminate/Routing/Pipeline.php(30): Illuminate\\Routing\\Router->Illuminate\\Routing\\{closure}()
#9 /opt/lampp/htdocs/booking8/vendor/laravel/framework/src/Illuminate/Routing/Middleware/SubstituteBindings.php(41): Illuminate\\Routing\\Pipeline->Illuminate\\Routing\\{closure}()
#10 /opt/lampp/htdocs/booking8/vendor/laravel/framework/src/Illuminate/Pipeline/Pipeline.php(163): Illuminate\\Routing\\Middleware\\SubstituteBindings->handle()
#11 /opt/lampp/htdocs/booking8/vendor/laravel/framework/src/Illuminate/Routing/Pipeline.php(53): Illuminate\\Pipeline\\Pipeline->Illuminate\\Pipeline\\{closure}()
#12 /opt/lampp/htdocs/booking8/vendor/laravel/framework/src/Illuminate/Routing/Middleware/ThrottleRequests.php(58): Illuminate\\Routing\\Pipeline->Illuminate\\Routing\\{closure}()
#13 /opt/lampp/htdocs/booking8/vendor/laravel/framework/src/Illuminate/Pipeline/Pipeline.php(163): Illuminate\\Routing\\Middleware\\ThrottleRequests->handle()
#14 /opt/lampp/htdocs/booking8/vendor/laravel/framework/src/Illuminate/Routing/Pipeline.php(53): Illuminate\\Pipeline\\Pipeline->Illuminate\\Pipeline\\{closure}()
#15 /opt/lampp/htdocs/booking8/vendor/laravel/framework/src/Illuminate/Pipeline/Pipeline.php(104): Illuminate\\Routing\\Pipeline->Illuminate\\Routing\\{closure}()
#16 /opt/lampp/htdocs/booking8/vendor/laravel/framework/src/Illuminate/Routing/Router.php(682): Illuminate\\Pipeline\\Pipeline->then()
#17 /opt/lampp/htdocs/booking8/vendor/laravel/framework/src/Illuminate/Routing/Router.php(657): Illuminate\\Routing\\Router->runRouteWithinStack()
#18 /opt/lampp/htdocs/booking8/vendor/laravel/framework/src/Illuminate/Routing/Router.php(623): Illuminate\\Routing\\Router->runRoute()
#19 /opt/lampp/htdocs/booking8/vendor/laravel/framework/src/Illuminate/Routing/Router.php(612): Illuminate\\Routing\\Router->dispatchToRoute()
#20 /opt/lampp/htdocs/booking8/vendor/laravel/framework/src/Illuminate/Foundation/Http/Kernel.php(176): Illuminate\\Routing\\Router->dispatch()
#21 /opt/lampp/htdocs/booking8/vendor/laravel/framework/src/Illuminate/Routing/Pipeline.php(30): Illuminate\\Foundation\\Http\\Kernel->Illuminate\\Foundation\\Http\\{closure}()
#22 /opt/lampp/htdocs/booking8/vendor/barryvdh/laravel-debugbar/src/Middleware/InjectDebugbar.php(65): Illuminate\\Routing\\Pipeline->Illuminate\\Routing\\{closure}()
#23 /opt/lampp/htdocs/booking8/vendor/laravel/framework/src/Illuminate/Pipeline/Pipeline.php(163): Barryvdh\\Debugbar\\Middleware\\InjectDebugbar->handle()
#24 /opt/lampp/htdocs/booking8/vendor/laravel/framework/src/Illuminate/Routing/Pipeline.php(53): Illuminate\\Pipeline\\Pipeline->Illuminate\\Pipeline\\{closure}()
#25 /opt/lampp/htdocs/booking8/app/Http/Middleware/InitConfigsFromDatabase.php(35): Illuminate\\Routing\\Pipeline->Illuminate\\Routing\\{closure}()
#26 /opt/lampp/htdocs/booking8/vendor/laravel/framework/src/Illuminate/Pipeline/Pipeline.php(163): App\\Http\\Middleware\\InitConfigsFromDatabase->handle()
#27 /opt/lampp/htdocs/booking8/vendor/laravel/framework/src/Illuminate/Routing/Pipeline.php(53): Illuminate\\Pipeline\\Pipeline->Illuminate\\Pipeline\\{closure}()
#28 /opt/lampp/htdocs/booking8/vendor/fideloper/proxy/src/TrustProxies.php(57): Illuminate\\Routing\\Pipeline->Illuminate\\Routing\\{closure}()
#29 /opt/lampp/htdocs/booking8/vendor/laravel/framework/src/Illuminate/Pipeline/Pipeline.php(163): Fideloper\\Proxy\\TrustProxies->handle()
#30 /opt/lampp/htdocs/booking8/vendor/laravel/framework/src/Illuminate/Routing/Pipeline.php(53): Illuminate\\Pipeline\\Pipeline->Illuminate\\Pipeline\\{closure}()
#31 /opt/lampp/htdocs/booking8/vendor/laravel/framework/src/Illuminate/Foundation/Http/Middleware/TransformsRequest.php(21): Illuminate\\Routing\\Pipeline->Illuminate\\Routing\\{closure}()
#32 /opt/lampp/htdocs/booking8/vendor/laravel/framework/src/Illuminate/Pipeline/Pipeline.php(163): Illuminate\\Foundation\\Http\\Middleware\\TransformsRequest->handle()
#33 /opt/lampp/htdocs/booking8/vendor/laravel/framework/src/Illuminate/Routing/Pipeline.php(53): Illuminate\\Pipeline\\Pipeline->Illuminate\\Pipeline\\{closure}()
#34 /opt/lampp/htdocs/booking8/vendor/laravel/framework/src/Illuminate/Foundation/Http/Middleware/TransformsRequest.php(21): Illuminate\\Routing\\Pipeline->Illuminate\\Routing\\{closure}()
#35 /opt/lampp/htdocs/booking8/vendor/laravel/framework/src/Illuminate/Pipeline/Pipeline.php(163): Illuminate\\Foundation\\Http\\Middleware\\TransformsRequest->handle()
#36 /opt/lampp/htdocs/booking8/vendor/laravel/framework/src/Illuminate/Routing/Pipeline.php(53): Illuminate\\Pipeline\\Pipeline->Illuminate\\Pipeline\\{closure}()
#37 /opt/lampp/htdocs/booking8/vendor/laravel/framework/src/Illuminate/Foundation/Http/Middleware/ValidatePostSize.php(27): Illuminate\\Routing\\Pipeline->Illuminate\\Routing\\{closure}()
#38 /opt/lampp/htdocs/booking8/vendor/laravel/framework/src/Illuminate/Pipeline/Pipeline.php(163): Illuminate\\Foundation\\Http\\Middleware\\ValidatePostSize->handle()
#39 /opt/lampp/htdocs/booking8/vendor/laravel/framework/src/Illuminate/Routing/Pipeline.php(53): Illuminate\\Pipeline\\Pipeline->Illuminate\\Pipeline\\{closure}()
#40 /opt/lampp/htdocs/booking8/vendor/laravel/framework/src/Illuminate/Foundation/Http/Middleware/CheckForMaintenanceMode.php(62): Illuminate\\Routing\\Pipeline->Illuminate\\Routing\\{closure}()
#41 /opt/lampp/htdocs/booking8/vendor/laravel/framework/src/Illuminate/Pipeline/Pipeline.php(163): Illuminate\\Foundation\\Http\\Middleware\\CheckForMaintenanceMode->handle()
#42 /opt/lampp/htdocs/booking8/vendor/laravel/framework/src/Illuminate/Routing/Pipeline.php(53): Illuminate\\Pipeline\\Pipeline->Illuminate\\Pipeline\\{closure}()
#43 /opt/lampp/htdocs/booking8/app/Http/Middleware/RedirectToInstaller.php(32): Illuminate\\Routing\\Pipeline->Illuminate\\Routing\\{closure}()
#44 /opt/lampp/htdocs/booking8/vendor/laravel/framework/src/Illuminate/Pipeline/Pipeline.php(163): App\\Http\\Middleware\\RedirectToInstaller->handle()
#45 /opt/lampp/htdocs/booking8/vendor/laravel/framework/src/Illuminate/Routing/Pipeline.php(53): Illuminate\\Pipeline\\Pipeline->Illuminate\\Pipeline\\{closure}()
#46 /opt/lampp/htdocs/booking8/vendor/laravel/framework/src/Illuminate/Pipeline/Pipeline.php(104): Illuminate\\Routing\\Pipeline->Illuminate\\Routing\\{closure}()
#47 /opt/lampp/htdocs/booking8/vendor/laravel/framework/src/Illuminate/Foundation/Http/Kernel.php(151): Illuminate\\Pipeline\\Pipeline->then()
#48 /opt/lampp/htdocs/booking8/vendor/laravel/framework/src/Illuminate/Foundation/Http/Kernel.php(116): Illuminate\\Foundation\\Http\\Kernel->sendRequestThroughRouter()
#49 /opt/lampp/htdocs/booking8/public/index.php(55): Illuminate\\Foundation\\Http\\Kernel->handle()
#50 /opt/lampp/htdocs/booking8/server.php(21): require_once('/opt/lampp/htdo...')
#51 {main}
"} 
[2020-06-04 16:24:50] local.ERROR: SQLSTATE[42S22]: Column not found: 1054 Unknown column 'bravo_tours.isHot' in 'field list' (SQL: select bravo_tours.id, bravo_tours.title, bravo_tour_category.name as category, users.first_name as create_user, users.phone,
    bravo_tours.sale_price, bravo_tours.duration as rooms, bravo_tours.address, bravo_locations.name as location, 
    bravo_tours.created_at, bravo_tours.isHot, bravo_locations.map_lat, 
    bravo_locations.map_lng, bravo_tours.bedPlaces, bravo_tours.floor, bravo_tours.content, media_files.file_path as imageid_path, group_concat(bravo_terms.name) as comfort_name, bravo_tours.is_featured
    from bravo_tours inner join bravo_tour_category on bravo_tours.category_id = bravo_tour_category.id 
    inner join bravo_locations on bravo_tours.location_id = bravo_locations.id
    inner join media_files on media_files.id = bravo_tours.image_id
    inner join bravo_tour_term on bravo_tour_term.tour_id = bravo_tours.id
    inner join bravo_terms on bravo_terms.id = bravo_tour_term.term_id
    inner join users on users.id = bravo_tours.create_user) {"exception":"[object] (Illuminate\\Database\\QueryException(code: 42S22): SQLSTATE[42S22]: Column not found: 1054 Unknown column 'bravo_tours.isHot' in 'field list' (SQL: select bravo_tours.id, bravo_tours.title, bravo_tour_category.name as category, users.first_name as create_user, users.phone,
    bravo_tours.sale_price, bravo_tours.duration as rooms, bravo_tours.address, bravo_locations.name as location, 
    bravo_tours.created_at, bravo_tours.isHot, bravo_locations.map_lat, 
    bravo_locations.map_lng, bravo_tours.bedPlaces, bravo_tours.floor, bravo_tours.content, media_files.file_path as imageid_path, group_concat(bravo_terms.name) as comfort_name, bravo_tours.is_featured
    from bravo_tours inner join bravo_tour_category on bravo_tours.category_id = bravo_tour_category.id 
    inner join bravo_locations on bravo_tours.location_id = bravo_locations.id
    inner join media_files on media_files.id = bravo_tours.image_id
    inner join bravo_tour_term on bravo_tour_term.tour_id = bravo_tours.id
    inner join bravo_terms on bravo_terms.id = bravo_tour_term.term_id
    inner join users on users.id = bravo_tours.create_user) at /opt/lampp/htdocs/booking8/vendor/laravel/framework/src/Illuminate/Database/Connection.php:664, PDOException(code: 42S22): SQLSTATE[42S22]: Column not found: 1054 Unknown column 'bravo_tours.isHot' in 'field list' at /opt/lampp/htdocs/booking8/vendor/laravel/framework/src/Illuminate/Database/Connection.php:326)
[stacktrace]
#0 /opt/lampp/htdocs/booking8/vendor/laravel/framework/src/Illuminate/Database/Connection.php(624): Illuminate\\Database\\Connection->runQueryCallback()
#1 /opt/lampp/htdocs/booking8/vendor/laravel/framework/src/Illuminate/Database/Connection.php(333): Illuminate\\Database\\Connection->run()
#2 /opt/lampp/htdocs/booking8/vendor/laravel/framework/src/Illuminate/Database/DatabaseManager.php(349): Illuminate\\Database\\Connection->select()
#3 /opt/lampp/htdocs/booking8/vendor/laravel/framework/src/Illuminate/Support/Facades/Facade.php(239): Illuminate\\Database\\DatabaseManager->__call()
#4 /opt/lampp/htdocs/booking8/routes/api.php(31): Illuminate\\Support\\Facades\\Facade::__callStatic()
#5 /opt/lampp/htdocs/booking8/vendor/laravel/framework/src/Illuminate/Routing/Route.php(205): Illuminate\\Routing\\RouteFileRegistrar->{closure}()
#6 /opt/lampp/htdocs/booking8/vendor/laravel/framework/src/Illuminate/Routing/Route.php(179): Illuminate\\Routing\\Route->runCallable()
#7 /opt/lampp/htdocs/booking8/vendor/laravel/framework/src/Illuminate/Routing/Router.php(680): Illuminate\\Routing\\Route->run()
#8 /opt/lampp/htdocs/booking8/vendor/laravel/framework/src/Illuminate/Routing/Pipeline.php(30): Illuminate\\Routing\\Router->Illuminate\\Routing\\{closure}()
#9 /opt/lampp/htdocs/booking8/vendor/laravel/framework/src/Illuminate/Routing/Middleware/SubstituteBindings.php(41): Illuminate\\Routing\\Pipeline->Illuminate\\Routing\\{closure}()
#10 /opt/lampp/htdocs/booking8/vendor/laravel/framework/src/Illuminate/Pipeline/Pipeline.php(163): Illuminate\\Routing\\Middleware\\SubstituteBindings->handle()
#11 /opt/lampp/htdocs/booking8/vendor/laravel/framework/src/Illuminate/Routing/Pipeline.php(53): Illuminate\\Pipeline\\Pipeline->Illuminate\\Pipeline\\{closure}()
#12 /opt/lampp/htdocs/booking8/vendor/laravel/framework/src/Illuminate/Routing/Middleware/ThrottleRequests.php(58): Illuminate\\Routing\\Pipeline->Illuminate\\Routing\\{closure}()
#13 /opt/lampp/htdocs/booking8/vendor/laravel/framework/src/Illuminate/Pipeline/Pipeline.php(163): Illuminate\\Routing\\Middleware\\ThrottleRequests->handle()
#14 /opt/lampp/htdocs/booking8/vendor/laravel/framework/src/Illuminate/Routing/Pipeline.php(53): Illuminate\\Pipeline\\Pipeline->Illuminate\\Pipeline\\{closure}()
#15 /opt/lampp/htdocs/booking8/vendor/laravel/framework/src/Illuminate/Pipeline/Pipeline.php(104): Illuminate\\Routing\\Pipeline->Illuminate\\Routing\\{closure}()
#16 /opt/lampp/htdocs/booking8/vendor/laravel/framework/src/Illuminate/Routing/Router.php(682): Illuminate\\Pipeline\\Pipeline->then()
#17 /opt/lampp/htdocs/booking8/vendor/laravel/framework/src/Illuminate/Routing/Router.php(657): Illuminate\\Routing\\Router->runRouteWithinStack()
#18 /opt/lampp/htdocs/booking8/vendor/laravel/framework/src/Illuminate/Routing/Router.php(623): Illuminate\\Routing\\Router->runRoute()
#19 /opt/lampp/htdocs/booking8/vendor/laravel/framework/src/Illuminate/Routing/Router.php(612): Illuminate\\Routing\\Router->dispatchToRoute()
#20 /opt/lampp/htdocs/booking8/vendor/laravel/framework/src/Illuminate/Foundation/Http/Kernel.php(176): Illuminate\\Routing\\Router->dispatch()
#21 /opt/lampp/htdocs/booking8/vendor/laravel/framework/src/Illuminate/Routing/Pipeline.php(30): Illuminate\\Foundation\\Http\\Kernel->Illuminate\\Foundation\\Http\\{closure}()
#22 /opt/lampp/htdocs/booking8/vendor/barryvdh/laravel-debugbar/src/Middleware/InjectDebugbar.php(65): Illuminate\\Routing\\Pipeline->Illuminate\\Routing\\{closure}()
#23 /opt/lampp/htdocs/booking8/vendor/laravel/framework/src/Illuminate/Pipeline/Pipeline.php(163): Barryvdh\\Debugbar\\Middleware\\InjectDebugbar->handle()
#24 /opt/lampp/htdocs/booking8/vendor/laravel/framework/src/Illuminate/Routing/Pipeline.php(53): Illuminate\\Pipeline\\Pipeline->Illuminate\\Pipeline\\{closure}()
#25 /opt/lampp/htdocs/booking8/app/Http/Middleware/InitConfigsFromDatabase.php(35): Illuminate\\Routing\\Pipeline->Illuminate\\Routing\\{closure}()
#26 /opt/lampp/htdocs/booking8/vendor/laravel/framework/src/Illuminate/Pipeline/Pipeline.php(163): App\\Http\\Middleware\\InitConfigsFromDatabase->handle()
#27 /opt/lampp/htdocs/booking8/vendor/laravel/framework/src/Illuminate/Routing/Pipeline.php(53): Illuminate\\Pipeline\\Pipeline->Illuminate\\Pipeline\\{closure}()
#28 /opt/lampp/htdocs/booking8/vendor/fideloper/proxy/src/TrustProxies.php(57): Illuminate\\Routing\\Pipeline->Illuminate\\Routing\\{closure}()
#29 /opt/lampp/htdocs/booking8/vendor/laravel/framework/src/Illuminate/Pipeline/Pipeline.php(163): Fideloper\\Proxy\\TrustProxies->handle()
#30 /opt/lampp/htdocs/booking8/vendor/laravel/framework/src/Illuminate/Routing/Pipeline.php(53): Illuminate\\Pipeline\\Pipeline->Illuminate\\Pipeline\\{closure}()
#31 /opt/lampp/htdocs/booking8/vendor/laravel/framework/src/Illuminate/Foundation/Http/Middleware/TransformsRequest.php(21): Illuminate\\Routing\\Pipeline->Illuminate\\Routing\\{closure}()
#32 /opt/lampp/htdocs/booking8/vendor/laravel/framework/src/Illuminate/Pipeline/Pipeline.php(163): Illuminate\\Foundation\\Http\\Middleware\\TransformsRequest->handle()
#33 /opt/lampp/htdocs/booking8/vendor/laravel/framework/src/Illuminate/Routing/Pipeline.php(53): Illuminate\\Pipeline\\Pipeline->Illuminate\\Pipeline\\{closure}()
#34 /opt/lampp/htdocs/booking8/vendor/laravel/framework/src/Illuminate/Foundation/Http/Middleware/TransformsRequest.php(21): Illuminate\\Routing\\Pipeline->Illuminate\\Routing\\{closure}()
#35 /opt/lampp/htdocs/booking8/vendor/laravel/framework/src/Illuminate/Pipeline/Pipeline.php(163): Illuminate\\Foundation\\Http\\Middleware\\TransformsRequest->handle()
#36 /opt/lampp/htdocs/booking8/vendor/laravel/framework/src/Illuminate/Routing/Pipeline.php(53): Illuminate\\Pipeline\\Pipeline->Illuminate\\Pipeline\\{closure}()
#37 /opt/lampp/htdocs/booking8/vendor/laravel/framework/src/Illuminate/Foundation/Http/Middleware/ValidatePostSize.php(27): Illuminate\\Routing\\Pipeline->Illuminate\\Routing\\{closure}()
#38 /opt/lampp/htdocs/booking8/vendor/laravel/framework/src/Illuminate/Pipeline/Pipeline.php(163): Illuminate\\Foundation\\Http\\Middleware\\ValidatePostSize->handle()
#39 /opt/lampp/htdocs/booking8/vendor/laravel/framework/src/Illuminate/Routing/Pipeline.php(53): Illuminate\\Pipeline\\Pipeline->Illuminate\\Pipeline\\{closure}()
#40 /opt/lampp/htdocs/booking8/vendor/laravel/framework/src/Illuminate/Foundation/Http/Middleware/CheckForMaintenanceMode.php(62): Illuminate\\Routing\\Pipeline->Illuminate\\Routing\\{closure}()
#41 /opt/lampp/htdocs/booking8/vendor/laravel/framework/src/Illuminate/Pipeline/Pipeline.php(163): Illuminate\\Foundation\\Http\\Middleware\\CheckForMaintenanceMode->handle()
#42 /opt/lampp/htdocs/booking8/vendor/laravel/framework/src/Illuminate/Routing/Pipeline.php(53): Illuminate\\Pipeline\\Pipeline->Illuminate\\Pipeline\\{closure}()
#43 /opt/lampp/htdocs/booking8/app/Http/Middleware/RedirectToInstaller.php(32): Illuminate\\Routing\\Pipeline->Illuminate\\Routing\\{closure}()
#44 /opt/lampp/htdocs/booking8/vendor/laravel/framework/src/Illuminate/Pipeline/Pipeline.php(163): App\\Http\\Middleware\\RedirectToInstaller->handle()
#45 /opt/lampp/htdocs/booking8/vendor/laravel/framework/src/Illuminate/Routing/Pipeline.php(53): Illuminate\\Pipeline\\Pipeline->Illuminate\\Pipeline\\{closure}()
#46 /opt/lampp/htdocs/booking8/vendor/laravel/framework/src/Illuminate/Pipeline/Pipeline.php(104): Illuminate\\Routing\\Pipeline->Illuminate\\Routing\\{closure}()
#47 /opt/lampp/htdocs/booking8/vendor/laravel/framework/src/Illuminate/Foundation/Http/Kernel.php(151): Illuminate\\Pipeline\\Pipeline->then()
#48 /opt/lampp/htdocs/booking8/vendor/laravel/framework/src/Illuminate/Foundation/Http/Kernel.php(116): Illuminate\\Foundation\\Http\\Kernel->sendRequestThroughRouter()
#49 /opt/lampp/htdocs/booking8/public/index.php(55): Illuminate\\Foundation\\Http\\Kernel->handle()
#50 /opt/lampp/htdocs/booking8/server.php(21): require_once('/opt/lampp/htdo...')
#51 {main}
"} 
