[2020-06-07 04:26:13] local.DEBUG: Message-ID: <18edfb5d66220056915d8bab80fc9a0f@127.0.0.1>
Date: Sun, 07 Jun 2020 04:26:13 +0000
Subject: [HomeRent] New booking has been made
From: HomeRent <contact@homerent.com>
To: contact@homerent.com
MIME-Version: 1.0
Content-Type: text/html; charset=utf-8
Content-Transfer-Encoding: quoted-printable

<!doctype html>
<html xmlns="http://www.w3.org/1999/xhtml" xmlns:v="urn:schemas-microsoft-com:vml" xmlns:o="urn:schemas-microsoft-com:office:office">
    <head>
        <title></title>
        <meta http-equiv="X-UA-Compatible" content="IE=edge">
        <!--<![endif]-->
        <meta http-equiv="Content-Type" content="text/html; charset=UTF-8">
        <meta name="viewport" content="width=device-width, initial-scale=1">
        <link rel='stylesheet' id='google-font-css-css'  href='https://fonts.googleapis.com/css?family=Poppins%3A400%2C500%2C600' type='text/css' media='all' />
        <style>
            .b-email-wrap{
                background: #ebeef2;
                padding: 40px 0px;
                color: #1A2B48;
                font-size: 14px;
                font-family: 'Poppins', sans-serif !important;
                font-weight: normal;
                line-height: 1.5;
                overflow-x: hidden;
                margin: 0px;
            }
            .b-header{
                background: #5291fa;
                padding: 30px;
                color: white;
            }
            .b-header .site-title,
            .b-header h1,
            .b-header h2,
            .b-header h3,
            .b-header h4,
            .b-header h5,
            .b-header p
            {
                margin:0px;
                display: block;
                text-align: center;
            }
            .b-container{
                max-width: 600px;
                margin: 0px auto;
            }

            .b-panel{
                border: 1px solid rgba(0, 0, 0, 0.1);
                margin-bottom: 30px;
                padding: 30px;
                background: white;
            }
            .b-panel .b-panel{
                padding: 0px;
                box-shadow: none;
            }
            .b-panel-title{
                text-align: center;
                margin-bottom: 30px;
                font-size: 24px;
                font-weight: 500;
            }
            .b-table-wrap{
                overflow-x:auto;
            }
            .b-table{
                width: 100%;
            }
            .b-table tr td,
            .b-table tr th{
                padding: 10px;
            }
            .b-table tr td{
                border-bottom: 1px solid #EAEEF3;;
            }
            .b-table tbody tr:nth-child(even) td{
                /*background: #f5f7fd;*/
            }
            .b-table tbody tr td.label{
                font-weight: 500;
            }
            .b-table tbody tr td.val{
                text-align: right;
            }
            .pricing-list{
                text-align: left;
                margin: 0px;
                padding: 0px;
                list-style: none;
            }
            .pricing-list td{
                padding: 7px 0px;
            }
            .pricing-list td .val{
                text-align: right;
            }
            .pricing-list .no-flex{
                display: block;
            }
            .email-headline{
                margin-top: 0px;
            }

            .text-center{
                text-align: center;
            }

            .btn{
                display: inline-block;
                color: #212529;
                text-align: center;
                vertical-align: middle;
                -webkit-user-select: none;
                -moz-user-select: none;
                -ms-user-select: none;
                user-select: none;
                background-color: transparent;
                line-height: 1.5;
                border: none;
                -webkit-box-shadow: none;
                box-shadow: none;
                border-radius: 3px;
                padding: 10px 20px;
                -webkit-transition: background .2s, color .2s;
                transition: background .2s, color .2s;
                font-size: 14px;
                font-weight: 500;
                text-decoration: none;
            }
            .btn.btn-primary{

                background: #5191FA;
                color: white;
            }
            .mt20{
                margin-top: 20px;
            }
            .no-padding{
                padding: 0px;
            }
            .no-r-padding{
                padding-right: 0px!important;
            }
            .fsz21{
                font-size: 21px;
            }
            .no-b-border{
                border-bottom: 0px!important;
            }
            @media  screen and (max-width: 768px) {
                .b-panel{
                    padding: 15px;
                }
                .b-table tr td,
                .b-table tr th{
                    padding-right: 2px;
                    padding-left: 2px;
                }
                .b-panel-title{
                    font-size: 18px;
                    font-weight: bold;
                    margin-bottom: 15px;
                }
                .b-email-wrap{
                    padding: 0px;
                }
            }
        </style>
    </head>
    <body>
        <div class="b-email-wrap">
            <div class="" style="">
    <div class="b-container">
        <div class="b-header">
                        <!DOCTYPE html>
<html>
<head>
</head>
<body>
<h1 class="site-title" style="text-align: center;">Booking</h1>
</body>
</html>
        </div>
    </div>
</div>

            
    <div class="b-container">
        <div class="b-panel">
            
            <div class="b-panel-title">Информация о бронировании</div>
<div class="b-table-wrap">
    <table class="b-table" cellspacing="0" cellpadding="0">
        <tr>
            <td class="label">Номер заказа</td>
            <td class="val">#28</td>
        </tr>
        <tr>
            <td class="label">Статус бронирования</td>
            <td class="val">Processing</td>
        </tr>
                    <tr>
                <td class="label">Способ оплаты</td>
                <td class="val">Paypal</td>
            </tr>
                <tr>
            <td class="label">Название апартамента</td>
            <td class="val">
                <a href="http://localhost:8000/tour/4-komnatnyy-dom-posutochno-370-m2-8-sot-sagadata-nurmagambetova-192-voad">4-комнатный дом посуточно, 370 м², 8 сот., Сагадата Нурмагамбетова 192 — Воад</a>
            </td>

        </tr>
        <tr>
                            <td class="label">Локация</td>
                <td class="val">
                    27 А
                </td>
                    </tr>
                    <tr>
                <td class="label">Дата начала</td>
                <td class="val">06/11/2020</td>
            </tr>
        
        
                                    <tr>
                    <td class="label">Количество дней:</td>
                    <td class="val">
                        <strong>3</strong>
                    </td>
                </tr>
                            <tr>
            <td class="label">Цена</td>
            <td class="val no-r-padding">
                <table class="pricing-list" width="100%">
                    
                                                                        <tr>
                                <td class="label">Количество дней: 3 * $122</td>
                                <td class="val no-r-padding">
                                    <strong>$366</strong>
                                </td>
                            </tr>
                                            
                    
                    
                                                        </table>
            </td>
        </tr>
        <tr>
            <td class="label fsz21">Итого</td>
            <td class="val fsz21"><strong style="color: #FA5636">$366</strong></td>
        </tr>
    </table>
</div>
<div class="text-center mt20">
    <a href="http://localhost:8000/user/booking-history" target="_blank" class="btn btn-primary">Управление бронированием</a>
</div>
        </div>
        <div class="b-panel">
    <div class="b-panel-title">Информация о клиенте</div>
    <div class="b-table-wrap">
        <table class="b-table" cellspacing="0" cellpadding="0">
            <tr class="info-first-name">
                <td class="label">Имя</td>
                <td class="val">Василий</td>
            </tr>
            <tr class="info-last-name">
                <td class="label">Фамилия</td>
                <td class="val">Волков</td>
            </tr>
            <tr class="info-email">
                <td class="label">Электронный адрес</td>
                <td class="val">accnt5533@gmail.com</td>
            </tr>
            <tr class="info-city">
                <td class="label">Город проживания</td>
                <td class="val"></td>
            </tr>
            <tr class="info-country">
                <td class="label">Страна проживания</td>
                <td class="val"></td>
            </tr>
            <tr class="info-notes">
                <td class="label">Специальные требования</td>
                <td class="val"></td>
            </tr>
        </table>
    </div>
</div>
    </div>

            <div class="b-footer" style="margin-top: 0px;">
    <div class="b-container">
        <!DOCTYPE html>
<html>
<head>
</head>
<body>

</body>
</html>
    </div>
</div>

        </div>
    </body>
</html>
  
[2020-06-07 04:26:13] local.DEBUG: Message-ID: <33bdaa5fe3dd0b5e76a74890feb9b311@127.0.0.1>
Date: Sun, 07 Jun 2020 04:26:13 +0000
Subject: [HomeRent] Your service got new booking
From: HomeRent <contact@homerent.com>
To: =?utf-8?Q?=D0=9C=D0=B0=D0=B4=D0=B8_=D0=A1=D0=BE=D0=B2?=
 =?utf-8?Q?=D0=B5=D1=82=D0=B1=D0=B5=D0=BA=D0=BE=D0=B2?=
 <amirshokubassov@gmail.com>
MIME-Version: 1.0
Content-Type: text/html; charset=utf-8
Content-Transfer-Encoding: quoted-printable

<!doctype html>
<html xmlns="http://www.w3.org/1999/xhtml" xmlns:v="urn:schemas-microsoft-com:vml" xmlns:o="urn:schemas-microsoft-com:office:office">
    <head>
        <title></title>
        <meta http-equiv="X-UA-Compatible" content="IE=edge">
        <!--<![endif]-->
        <meta http-equiv="Content-Type" content="text/html; charset=UTF-8">
        <meta name="viewport" content="width=device-width, initial-scale=1">
        <link rel='stylesheet' id='google-font-css-css'  href='https://fonts.googleapis.com/css?family=Poppins%3A400%2C500%2C600' type='text/css' media='all' />
        <style>
            .b-email-wrap{
                background: #ebeef2;
                padding: 40px 0px;
                color: #1A2B48;
                font-size: 14px;
                font-family: 'Poppins', sans-serif !important;
                font-weight: normal;
                line-height: 1.5;
                overflow-x: hidden;
                margin: 0px;
            }
            .b-header{
                background: #5291fa;
                padding: 30px;
                color: white;
            }
            .b-header .site-title,
            .b-header h1,
            .b-header h2,
            .b-header h3,
            .b-header h4,
            .b-header h5,
            .b-header p
            {
                margin:0px;
                display: block;
                text-align: center;
            }
            .b-container{
                max-width: 600px;
                margin: 0px auto;
            }

            .b-panel{
                border: 1px solid rgba(0, 0, 0, 0.1);
                margin-bottom: 30px;
                padding: 30px;
                background: white;
            }
            .b-panel .b-panel{
                padding: 0px;
                box-shadow: none;
            }
            .b-panel-title{
                text-align: center;
                margin-bottom: 30px;
                font-size: 24px;
                font-weight: 500;
            }
            .b-table-wrap{
                overflow-x:auto;
            }
            .b-table{
                width: 100%;
            }
            .b-table tr td,
            .b-table tr th{
                padding: 10px;
            }
            .b-table tr td{
                border-bottom: 1px solid #EAEEF3;;
            }
            .b-table tbody tr:nth-child(even) td{
                /*background: #f5f7fd;*/
            }
            .b-table tbody tr td.label{
                font-weight: 500;
            }
            .b-table tbody tr td.val{
                text-align: right;
            }
            .pricing-list{
                text-align: left;
                margin: 0px;
                padding: 0px;
                list-style: none;
            }
            .pricing-list td{
                padding: 7px 0px;
            }
            .pricing-list td .val{
                text-align: right;
            }
            .pricing-list .no-flex{
                display: block;
            }
            .email-headline{
                margin-top: 0px;
            }

            .text-center{
                text-align: center;
            }

            .btn{
                display: inline-block;
                color: #212529;
                text-align: center;
                vertical-align: middle;
                -webkit-user-select: none;
                -moz-user-select: none;
                -ms-user-select: none;
                user-select: none;
                background-color: transparent;
                line-height: 1.5;
                border: none;
                -webkit-box-shadow: none;
                box-shadow: none;
                border-radius: 3px;
                padding: 10px 20px;
                -webkit-transition: background .2s, color .2s;
                transition: background .2s, color .2s;
                font-size: 14px;
                font-weight: 500;
                text-decoration: none;
            }
            .btn.btn-primary{

                background: #5191FA;
                color: white;
            }
            .mt20{
                margin-top: 20px;
            }
            .no-padding{
                padding: 0px;
            }
            .no-r-padding{
                padding-right: 0px!important;
            }
            .fsz21{
                font-size: 21px;
            }
            .no-b-border{
                border-bottom: 0px!important;
            }
            @media  screen and (max-width: 768px) {
                .b-panel{
                    padding: 15px;
                }
                .b-table tr td,
                .b-table tr th{
                    padding-right: 2px;
                    padding-left: 2px;
                }
                .b-panel-title{
                    font-size: 18px;
                    font-weight: bold;
                    margin-bottom: 15px;
                }
                .b-email-wrap{
                    padding: 0px;
                }
            }
        </style>
    </head>
    <body>
        <div class="b-email-wrap">
            <div class="" style="">
    <div class="b-container">
        <div class="b-header">
                        <!DOCTYPE html>
<html>
<head>
</head>
<body>
<h1 class="site-title" style="text-align: center;">Booking</h1>
</body>
</html>
        </div>
    </div>
</div>

            
    <div class="b-container">
        <div class="b-panel">
                                <h3 class="email-headline"><strong>Hello Мади</strong></h3>
                    <p>Your service has new booking</p>
                
            <div class="b-panel-title">Информация о бронировании</div>
<div class="b-table-wrap">
    <table class="b-table" cellspacing="0" cellpadding="0">
        <tr>
            <td class="label">Номер заказа</td>
            <td class="val">#28</td>
        </tr>
        <tr>
            <td class="label">Статус бронирования</td>
            <td class="val">Processing</td>
        </tr>
                    <tr>
                <td class="label">Способ оплаты</td>
                <td class="val">Paypal</td>
            </tr>
                <tr>
            <td class="label">Название апартамента</td>
            <td class="val">
                <a href="http://localhost:8000/tour/4-komnatnyy-dom-posutochno-370-m2-8-sot-sagadata-nurmagambetova-192-voad">4-комнатный дом посуточно, 370 м², 8 сот., Сагадата Нурмагамбетова 192 — Воад</a>
            </td>

        </tr>
        <tr>
                            <td class="label">Локация</td>
                <td class="val">
                    27 А
                </td>
                    </tr>
                    <tr>
                <td class="label">Дата начала</td>
                <td class="val">06/11/2020</td>
            </tr>
        
        
                                    <tr>
                    <td class="label">Количество дней:</td>
                    <td class="val">
                        <strong>3</strong>
                    </td>
                </tr>
                            <tr>
            <td class="label">Цена</td>
            <td class="val no-r-padding">
                <table class="pricing-list" width="100%">
                    
                                                                        <tr>
                                <td class="label">Количество дней: 3 * $122</td>
                                <td class="val no-r-padding">
                                    <strong>$366</strong>
                                </td>
                            </tr>
                                            
                    
                    
                                                        </table>
            </td>
        </tr>
        <tr>
            <td class="label fsz21">Итого</td>
            <td class="val fsz21"><strong style="color: #FA5636">$366</strong></td>
        </tr>
    </table>
</div>
<div class="text-center mt20">
    <a href="http://localhost:8000/user/booking-history" target="_blank" class="btn btn-primary">Управление бронированием</a>
</div>
        </div>
        <div class="b-panel">
    <div class="b-panel-title">Информация о клиенте</div>
    <div class="b-table-wrap">
        <table class="b-table" cellspacing="0" cellpadding="0">
            <tr class="info-first-name">
                <td class="label">Имя</td>
                <td class="val">Василий</td>
            </tr>
            <tr class="info-last-name">
                <td class="label">Фамилия</td>
                <td class="val">Волков</td>
            </tr>
            <tr class="info-email">
                <td class="label">Электронный адрес</td>
                <td class="val">accnt5533@gmail.com</td>
            </tr>
            <tr class="info-city">
                <td class="label">Город проживания</td>
                <td class="val"></td>
            </tr>
            <tr class="info-country">
                <td class="label">Страна проживания</td>
                <td class="val"></td>
            </tr>
            <tr class="info-notes">
                <td class="label">Специальные требования</td>
                <td class="val"></td>
            </tr>
        </table>
    </div>
</div>
    </div>

            <div class="b-footer" style="margin-top: 0px;">
    <div class="b-container">
        <!DOCTYPE html>
<html>
<head>
</head>
<body>

</body>
</html>
    </div>
</div>

        </div>
    </body>
</html>
  
[2020-06-07 04:26:13] local.DEBUG: Message-ID: <ece663c8919d742b1352326a30b15727@127.0.0.1>
Date: Sun, 07 Jun 2020 04:26:13 +0000
Subject: Thank you for booking with us
From: HomeRent <contact@homerent.com>
To: accnt5533@gmail.com
MIME-Version: 1.0
Content-Type: text/html; charset=utf-8
Content-Transfer-Encoding: quoted-printable

<!doctype html>
<html xmlns="http://www.w3.org/1999/xhtml" xmlns:v="urn:schemas-microsoft-com:vml" xmlns:o="urn:schemas-microsoft-com:office:office">
    <head>
        <title></title>
        <meta http-equiv="X-UA-Compatible" content="IE=edge">
        <!--<![endif]-->
        <meta http-equiv="Content-Type" content="text/html; charset=UTF-8">
        <meta name="viewport" content="width=device-width, initial-scale=1">
        <link rel='stylesheet' id='google-font-css-css'  href='https://fonts.googleapis.com/css?family=Poppins%3A400%2C500%2C600' type='text/css' media='all' />
        <style>
            .b-email-wrap{
                background: #ebeef2;
                padding: 40px 0px;
                color: #1A2B48;
                font-size: 14px;
                font-family: 'Poppins', sans-serif !important;
                font-weight: normal;
                line-height: 1.5;
                overflow-x: hidden;
                margin: 0px;
            }
            .b-header{
                background: #5291fa;
                padding: 30px;
                color: white;
            }
            .b-header .site-title,
            .b-header h1,
            .b-header h2,
            .b-header h3,
            .b-header h4,
            .b-header h5,
            .b-header p
            {
                margin:0px;
                display: block;
                text-align: center;
            }
            .b-container{
                max-width: 600px;
                margin: 0px auto;
            }

            .b-panel{
                border: 1px solid rgba(0, 0, 0, 0.1);
                margin-bottom: 30px;
                padding: 30px;
                background: white;
            }
            .b-panel .b-panel{
                padding: 0px;
                box-shadow: none;
            }
            .b-panel-title{
                text-align: center;
                margin-bottom: 30px;
                font-size: 24px;
                font-weight: 500;
            }
            .b-table-wrap{
                overflow-x:auto;
            }
            .b-table{
                width: 100%;
            }
            .b-table tr td,
            .b-table tr th{
                padding: 10px;
            }
            .b-table tr td{
                border-bottom: 1px solid #EAEEF3;;
            }
            .b-table tbody tr:nth-child(even) td{
                /*background: #f5f7fd;*/
            }
            .b-table tbody tr td.label{
                font-weight: 500;
            }
            .b-table tbody tr td.val{
                text-align: right;
            }
            .pricing-list{
                text-align: left;
                margin: 0px;
                padding: 0px;
                list-style: none;
            }
            .pricing-list td{
                padding: 7px 0px;
            }
            .pricing-list td .val{
                text-align: right;
            }
            .pricing-list .no-flex{
                display: block;
            }
            .email-headline{
                margin-top: 0px;
            }

            .text-center{
                text-align: center;
            }

            .btn{
                display: inline-block;
                color: #212529;
                text-align: center;
                vertical-align: middle;
                -webkit-user-select: none;
                -moz-user-select: none;
                -ms-user-select: none;
                user-select: none;
                background-color: transparent;
                line-height: 1.5;
                border: none;
                -webkit-box-shadow: none;
                box-shadow: none;
                border-radius: 3px;
                padding: 10px 20px;
                -webkit-transition: background .2s, color .2s;
                transition: background .2s, color .2s;
                font-size: 14px;
                font-weight: 500;
                text-decoration: none;
            }
            .btn.btn-primary{

                background: #5191FA;
                color: white;
            }
            .mt20{
                margin-top: 20px;
            }
            .no-padding{
                padding: 0px;
            }
            .no-r-padding{
                padding-right: 0px!important;
            }
            .fsz21{
                font-size: 21px;
            }
            .no-b-border{
                border-bottom: 0px!important;
            }
            @media  screen and (max-width: 768px) {
                .b-panel{
                    padding: 15px;
                }
                .b-table tr td,
                .b-table tr th{
                    padding-right: 2px;
                    padding-left: 2px;
                }
                .b-panel-title{
                    font-size: 18px;
                    font-weight: bold;
                    margin-bottom: 15px;
                }
                .b-email-wrap{
                    padding: 0px;
                }
            }
        </style>
    </head>
    <body>
        <div class="b-email-wrap">
            <div class="" style="">
    <div class="b-container">
        <div class="b-header">
                        <!DOCTYPE html>
<html>
<head>
</head>
<body>
<h1 class="site-title" style="text-align: center;">Booking</h1>
</body>
</html>
        </div>
    </div>
</div>

            
    <div class="b-container">
        <div class="b-panel">
                                <h3 class="email-headline"><strong>Hello Василий</strong></h3>
                    <p>Thank you for booking with us. Here are your booking information:</p>
                
            <div class="b-panel-title">Информация о бронировании</div>
<div class="b-table-wrap">
    <table class="b-table" cellspacing="0" cellpadding="0">
        <tr>
            <td class="label">Номер заказа</td>
            <td class="val">#28</td>
        </tr>
        <tr>
            <td class="label">Статус бронирования</td>
            <td class="val">Processing</td>
        </tr>
                    <tr>
                <td class="label">Способ оплаты</td>
                <td class="val">Paypal</td>
            </tr>
                <tr>
            <td class="label">Название апартамента</td>
            <td class="val">
                <a href="http://localhost:8000/tour/4-komnatnyy-dom-posutochno-370-m2-8-sot-sagadata-nurmagambetova-192-voad">4-комнатный дом посуточно, 370 м², 8 сот., Сагадата Нурмагамбетова 192 — Воад</a>
            </td>

        </tr>
        <tr>
                            <td class="label">Локация</td>
                <td class="val">
                    27 А
                </td>
                    </tr>
                    <tr>
                <td class="label">Дата начала</td>
                <td class="val">06/11/2020</td>
            </tr>
        
        
                                    <tr>
                    <td class="label">Количество дней:</td>
                    <td class="val">
                        <strong>3</strong>
                    </td>
                </tr>
                            <tr>
            <td class="label">Цена</td>
            <td class="val no-r-padding">
                <table class="pricing-list" width="100%">
                    
                                                                        <tr>
                                <td class="label">Количество дней: 3 * $122</td>
                                <td class="val no-r-padding">
                                    <strong>$366</strong>
                                </td>
                            </tr>
                                            
                    
                    
                                                        </table>
            </td>
        </tr>
        <tr>
            <td class="label fsz21">Итого</td>
            <td class="val fsz21"><strong style="color: #FA5636">$366</strong></td>
        </tr>
    </table>
</div>
<div class="text-center mt20">
    <a href="http://localhost:8000/user/booking-history" target="_blank" class="btn btn-primary">Управление бронированием</a>
</div>
        </div>
        <div class="b-panel">
    <div class="b-panel-title">Информация о клиенте</div>
    <div class="b-table-wrap">
        <table class="b-table" cellspacing="0" cellpadding="0">
            <tr class="info-first-name">
                <td class="label">Имя</td>
                <td class="val">Василий</td>
            </tr>
            <tr class="info-last-name">
                <td class="label">Фамилия</td>
                <td class="val">Волков</td>
            </tr>
            <tr class="info-email">
                <td class="label">Электронный адрес</td>
                <td class="val">accnt5533@gmail.com</td>
            </tr>
            <tr class="info-city">
                <td class="label">Город проживания</td>
                <td class="val"></td>
            </tr>
            <tr class="info-country">
                <td class="label">Страна проживания</td>
                <td class="val"></td>
            </tr>
            <tr class="info-notes">
                <td class="label">Специальные требования</td>
                <td class="val"></td>
            </tr>
        </table>
    </div>
</div>
    </div>

            <div class="b-footer" style="margin-top: 0px;">
    <div class="b-container">
        <!DOCTYPE html>
<html>
<head>
</head>
<body>

</body>
</html>
    </div>
</div>

        </div>
    </body>
</html>
  
[2020-06-07 05:03:56] local.DEBUG: Message-ID: <5f6892bf36b10388685693e91dc44612@127.0.0.1>
Date: Sun, 07 Jun 2020 05:03:56 +0000
Subject: [HomeRent] New booking has been made
From: HomeRent <contact@homerent.com>
To: contact@homerent.com
MIME-Version: 1.0
Content-Type: text/html; charset=utf-8
Content-Transfer-Encoding: quoted-printable

<!doctype html>
<html xmlns="http://www.w3.org/1999/xhtml" xmlns:v="urn:schemas-microsoft-com:vml" xmlns:o="urn:schemas-microsoft-com:office:office">
    <head>
        <title></title>
        <meta http-equiv="X-UA-Compatible" content="IE=edge">
        <!--<![endif]-->
        <meta http-equiv="Content-Type" content="text/html; charset=UTF-8">
        <meta name="viewport" content="width=device-width, initial-scale=1">
        <link rel='stylesheet' id='google-font-css-css'  href='https://fonts.googleapis.com/css?family=Poppins%3A400%2C500%2C600' type='text/css' media='all' />
        <style>
            .b-email-wrap{
                background: #ebeef2;
                padding: 40px 0px;
                color: #1A2B48;
                font-size: 14px;
                font-family: 'Poppins', sans-serif !important;
                font-weight: normal;
                line-height: 1.5;
                overflow-x: hidden;
                margin: 0px;
            }
            .b-header{
                background: #5291fa;
                padding: 30px;
                color: white;
            }
            .b-header .site-title,
            .b-header h1,
            .b-header h2,
            .b-header h3,
            .b-header h4,
            .b-header h5,
            .b-header p
            {
                margin:0px;
                display: block;
                text-align: center;
            }
            .b-container{
                max-width: 600px;
                margin: 0px auto;
            }

            .b-panel{
                border: 1px solid rgba(0, 0, 0, 0.1);
                margin-bottom: 30px;
                padding: 30px;
                background: white;
            }
            .b-panel .b-panel{
                padding: 0px;
                box-shadow: none;
            }
            .b-panel-title{
                text-align: center;
                margin-bottom: 30px;
                font-size: 24px;
                font-weight: 500;
            }
            .b-table-wrap{
                overflow-x:auto;
            }
            .b-table{
                width: 100%;
            }
            .b-table tr td,
            .b-table tr th{
                padding: 10px;
            }
            .b-table tr td{
                border-bottom: 1px solid #EAEEF3;;
            }
            .b-table tbody tr:nth-child(even) td{
                /*background: #f5f7fd;*/
            }
            .b-table tbody tr td.label{
                font-weight: 500;
            }
            .b-table tbody tr td.val{
                text-align: right;
            }
            .pricing-list{
                text-align: left;
                margin: 0px;
                padding: 0px;
                list-style: none;
            }
            .pricing-list td{
                padding: 7px 0px;
            }
            .pricing-list td .val{
                text-align: right;
            }
            .pricing-list .no-flex{
                display: block;
            }
            .email-headline{
                margin-top: 0px;
            }

            .text-center{
                text-align: center;
            }

            .btn{
                display: inline-block;
                color: #212529;
                text-align: center;
                vertical-align: middle;
                -webkit-user-select: none;
                -moz-user-select: none;
                -ms-user-select: none;
                user-select: none;
                background-color: transparent;
                line-height: 1.5;
                border: none;
                -webkit-box-shadow: none;
                box-shadow: none;
                border-radius: 3px;
                padding: 10px 20px;
                -webkit-transition: background .2s, color .2s;
                transition: background .2s, color .2s;
                font-size: 14px;
                font-weight: 500;
                text-decoration: none;
            }
            .btn.btn-primary{

                background: #5191FA;
                color: white;
            }
            .mt20{
                margin-top: 20px;
            }
            .no-padding{
                padding: 0px;
            }
            .no-r-padding{
                padding-right: 0px!important;
            }
            .fsz21{
                font-size: 21px;
            }
            .no-b-border{
                border-bottom: 0px!important;
            }
            @media  screen and (max-width: 768px) {
                .b-panel{
                    padding: 15px;
                }
                .b-table tr td,
                .b-table tr th{
                    padding-right: 2px;
                    padding-left: 2px;
                }
                .b-panel-title{
                    font-size: 18px;
                    font-weight: bold;
                    margin-bottom: 15px;
                }
                .b-email-wrap{
                    padding: 0px;
                }
            }
        </style>
    </head>
    <body>
        <div class="b-email-wrap">
            <div class="" style="">
    <div class="b-container">
        <div class="b-header">
                        <!DOCTYPE html>
<html>
<head>
</head>
<body>
<h1 class="site-title" style="text-align: center;">Booking</h1>
</body>
</html>
        </div>
    </div>
</div>

            
    <div class="b-container">
        <div class="b-panel">
            
            <div class="b-panel-title">Информация о бронировании</div>
<div class="b-table-wrap">
    <table class="b-table" cellspacing="0" cellpadding="0">
        <tr>
            <td class="label">Номер заказа</td>
            <td class="val">#29</td>
        </tr>
        <tr>
            <td class="label">Статус бронирования</td>
            <td class="val">Processing</td>
        </tr>
                    <tr>
                <td class="label">Способ оплаты</td>
                <td class="val">Paypal</td>
            </tr>
                <tr>
            <td class="label">Название апартамента</td>
            <td class="val">
                <a href="http://localhost:8000/tour/4-komnatnyy-dom-posutochno-370-m2-8-sot-sagadata-nurmagambetova-192-voad">4-комнатный дом посуточно, 370 м², 8 сот., Сагадата Нурмагамбетова 192 — Воад</a>
            </td>

        </tr>
        <tr>
                            <td class="label">Локация</td>
                <td class="val">
                    27 А
                </td>
                    </tr>
                    <tr>
                <td class="label">Дата начала</td>
                <td class="val">06/09/2020</td>
            </tr>
        
        
                                    <tr>
                    <td class="label">Количество дней:</td>
                    <td class="val">
                        <strong>2</strong>
                    </td>
                </tr>
                            <tr>
            <td class="label">Цена</td>
            <td class="val no-r-padding">
                <table class="pricing-list" width="100%">
                    
                                                                        <tr>
                                <td class="label">Количество дней: 2 * $122</td>
                                <td class="val no-r-padding">
                                    <strong>$244</strong>
                                </td>
                            </tr>
                                            
                    
                    
                                                        </table>
            </td>
        </tr>
        <tr>
            <td class="label fsz21">Итого</td>
            <td class="val fsz21"><strong style="color: #FA5636">$244</strong></td>
        </tr>
    </table>
</div>
<div class="text-center mt20">
    <a href="http://localhost:8000/user/booking-history" target="_blank" class="btn btn-primary">Управление бронированием</a>
</div>
        </div>
        <div class="b-panel">
    <div class="b-panel-title">Информация о клиенте</div>
    <div class="b-table-wrap">
        <table class="b-table" cellspacing="0" cellpadding="0">
            <tr class="info-first-name">
                <td class="label">Имя</td>
                <td class="val">Василий</td>
            </tr>
            <tr class="info-last-name">
                <td class="label">Фамилия</td>
                <td class="val">Волков</td>
            </tr>
            <tr class="info-email">
                <td class="label">Электронный адрес</td>
                <td class="val">accnt5533@gmail.com</td>
            </tr>
            <tr class="info-city">
                <td class="label">Город проживания</td>
                <td class="val"></td>
            </tr>
            <tr class="info-country">
                <td class="label">Страна проживания</td>
                <td class="val"></td>
            </tr>
            <tr class="info-notes">
                <td class="label">Специальные требования</td>
                <td class="val"></td>
            </tr>
        </table>
    </div>
</div>
    </div>

            <div class="b-footer" style="margin-top: 0px;">
    <div class="b-container">
        <!DOCTYPE html>
<html>
<head>
</head>
<body>

</body>
</html>
    </div>
</div>

        </div>
    </body>
</html>
  
[2020-06-07 05:03:56] local.DEBUG: Message-ID: <8fbed8146c02b37235677dbd21080f23@127.0.0.1>
Date: Sun, 07 Jun 2020 05:03:56 +0000
Subject: [HomeRent] Your service got new booking
From: HomeRent <contact@homerent.com>
To: =?utf-8?Q?=D0=9C=D0=B0=D0=B4=D0=B8_=D0=A1=D0=BE=D0=B2?=
 =?utf-8?Q?=D0=B5=D1=82=D0=B1=D0=B5=D0=BA=D0=BE=D0=B2?=
 <amirshokubassov@gmail.com>
MIME-Version: 1.0
Content-Type: text/html; charset=utf-8
Content-Transfer-Encoding: quoted-printable

<!doctype html>
<html xmlns="http://www.w3.org/1999/xhtml" xmlns:v="urn:schemas-microsoft-com:vml" xmlns:o="urn:schemas-microsoft-com:office:office">
    <head>
        <title></title>
        <meta http-equiv="X-UA-Compatible" content="IE=edge">
        <!--<![endif]-->
        <meta http-equiv="Content-Type" content="text/html; charset=UTF-8">
        <meta name="viewport" content="width=device-width, initial-scale=1">
        <link rel='stylesheet' id='google-font-css-css'  href='https://fonts.googleapis.com/css?family=Poppins%3A400%2C500%2C600' type='text/css' media='all' />
        <style>
            .b-email-wrap{
                background: #ebeef2;
                padding: 40px 0px;
                color: #1A2B48;
                font-size: 14px;
                font-family: 'Poppins', sans-serif !important;
                font-weight: normal;
                line-height: 1.5;
                overflow-x: hidden;
                margin: 0px;
            }
            .b-header{
                background: #5291fa;
                padding: 30px;
                color: white;
            }
            .b-header .site-title,
            .b-header h1,
            .b-header h2,
            .b-header h3,
            .b-header h4,
            .b-header h5,
            .b-header p
            {
                margin:0px;
                display: block;
                text-align: center;
            }
            .b-container{
                max-width: 600px;
                margin: 0px auto;
            }

            .b-panel{
                border: 1px solid rgba(0, 0, 0, 0.1);
                margin-bottom: 30px;
                padding: 30px;
                background: white;
            }
            .b-panel .b-panel{
                padding: 0px;
                box-shadow: none;
            }
            .b-panel-title{
                text-align: center;
                margin-bottom: 30px;
                font-size: 24px;
                font-weight: 500;
            }
            .b-table-wrap{
                overflow-x:auto;
            }
            .b-table{
                width: 100%;
            }
            .b-table tr td,
            .b-table tr th{
                padding: 10px;
            }
            .b-table tr td{
                border-bottom: 1px solid #EAEEF3;;
            }
            .b-table tbody tr:nth-child(even) td{
                /*background: #f5f7fd;*/
            }
            .b-table tbody tr td.label{
                font-weight: 500;
            }
            .b-table tbody tr td.val{
                text-align: right;
            }
            .pricing-list{
                text-align: left;
                margin: 0px;
                padding: 0px;
                list-style: none;
            }
            .pricing-list td{
                padding: 7px 0px;
            }
            .pricing-list td .val{
                text-align: right;
            }
            .pricing-list .no-flex{
                display: block;
            }
            .email-headline{
                margin-top: 0px;
            }

            .text-center{
                text-align: center;
            }

            .btn{
                display: inline-block;
                color: #212529;
                text-align: center;
                vertical-align: middle;
                -webkit-user-select: none;
                -moz-user-select: none;
                -ms-user-select: none;
                user-select: none;
                background-color: transparent;
                line-height: 1.5;
                border: none;
                -webkit-box-shadow: none;
                box-shadow: none;
                border-radius: 3px;
                padding: 10px 20px;
                -webkit-transition: background .2s, color .2s;
                transition: background .2s, color .2s;
                font-size: 14px;
                font-weight: 500;
                text-decoration: none;
            }
            .btn.btn-primary{

                background: #5191FA;
                color: white;
            }
            .mt20{
                margin-top: 20px;
            }
            .no-padding{
                padding: 0px;
            }
            .no-r-padding{
                padding-right: 0px!important;
            }
            .fsz21{
                font-size: 21px;
            }
            .no-b-border{
                border-bottom: 0px!important;
            }
            @media  screen and (max-width: 768px) {
                .b-panel{
                    padding: 15px;
                }
                .b-table tr td,
                .b-table tr th{
                    padding-right: 2px;
                    padding-left: 2px;
                }
                .b-panel-title{
                    font-size: 18px;
                    font-weight: bold;
                    margin-bottom: 15px;
                }
                .b-email-wrap{
                    padding: 0px;
                }
            }
        </style>
    </head>
    <body>
        <div class="b-email-wrap">
            <div class="" style="">
    <div class="b-container">
        <div class="b-header">
                        <!DOCTYPE html>
<html>
<head>
</head>
<body>
<h1 class="site-title" style="text-align: center;">Booking</h1>
</body>
</html>
        </div>
    </div>
</div>

            
    <div class="b-container">
        <div class="b-panel">
                                <h3 class="email-headline"><strong>Hello Мади</strong></h3>
                    <p>Your service has new booking</p>
                
            <div class="b-panel-title">Информация о бронировании</div>
<div class="b-table-wrap">
    <table class="b-table" cellspacing="0" cellpadding="0">
        <tr>
            <td class="label">Номер заказа</td>
            <td class="val">#29</td>
        </tr>
        <tr>
            <td class="label">Статус бронирования</td>
            <td class="val">Processing</td>
        </tr>
                    <tr>
                <td class="label">Способ оплаты</td>
                <td class="val">Paypal</td>
            </tr>
                <tr>
            <td class="label">Название апартамента</td>
            <td class="val">
                <a href="http://localhost:8000/tour/4-komnatnyy-dom-posutochno-370-m2-8-sot-sagadata-nurmagambetova-192-voad">4-комнатный дом посуточно, 370 м², 8 сот., Сагадата Нурмагамбетова 192 — Воад</a>
            </td>

        </tr>
        <tr>
                            <td class="label">Локация</td>
                <td class="val">
                    27 А
                </td>
                    </tr>
                    <tr>
                <td class="label">Дата начала</td>
                <td class="val">06/09/2020</td>
            </tr>
        
        
                                    <tr>
                    <td class="label">Количество дней:</td>
                    <td class="val">
                        <strong>2</strong>
                    </td>
                </tr>
                            <tr>
            <td class="label">Цена</td>
            <td class="val no-r-padding">
                <table class="pricing-list" width="100%">
                    
                                                                        <tr>
                                <td class="label">Количество дней: 2 * $122</td>
                                <td class="val no-r-padding">
                                    <strong>$244</strong>
                                </td>
                            </tr>
                                            
                    
                    
                                                        </table>
            </td>
        </tr>
        <tr>
            <td class="label fsz21">Итого</td>
            <td class="val fsz21"><strong style="color: #FA5636">$244</strong></td>
        </tr>
    </table>
</div>
<div class="text-center mt20">
    <a href="http://localhost:8000/user/booking-history" target="_blank" class="btn btn-primary">Управление бронированием</a>
</div>
        </div>
        <div class="b-panel">
    <div class="b-panel-title">Информация о клиенте</div>
    <div class="b-table-wrap">
        <table class="b-table" cellspacing="0" cellpadding="0">
            <tr class="info-first-name">
                <td class="label">Имя</td>
                <td class="val">Василий</td>
            </tr>
            <tr class="info-last-name">
                <td class="label">Фамилия</td>
                <td class="val">Волков</td>
            </tr>
            <tr class="info-email">
                <td class="label">Электронный адрес</td>
                <td class="val">accnt5533@gmail.com</td>
            </tr>
            <tr class="info-city">
                <td class="label">Город проживания</td>
                <td class="val"></td>
            </tr>
            <tr class="info-country">
                <td class="label">Страна проживания</td>
                <td class="val"></td>
            </tr>
            <tr class="info-notes">
                <td class="label">Специальные требования</td>
                <td class="val"></td>
            </tr>
        </table>
    </div>
</div>
    </div>

            <div class="b-footer" style="margin-top: 0px;">
    <div class="b-container">
        <!DOCTYPE html>
<html>
<head>
</head>
<body>

</body>
</html>
    </div>
</div>

        </div>
    </body>
</html>
  
[2020-06-07 05:03:56] local.DEBUG: Message-ID: <58ff497dfc348973b1f98d800a5eb86d@127.0.0.1>
Date: Sun, 07 Jun 2020 05:03:56 +0000
Subject: Thank you for booking with us
From: HomeRent <contact@homerent.com>
To: accnt5533@gmail.com
MIME-Version: 1.0
Content-Type: text/html; charset=utf-8
Content-Transfer-Encoding: quoted-printable

<!doctype html>
<html xmlns="http://www.w3.org/1999/xhtml" xmlns:v="urn:schemas-microsoft-com:vml" xmlns:o="urn:schemas-microsoft-com:office:office">
    <head>
        <title></title>
        <meta http-equiv="X-UA-Compatible" content="IE=edge">
        <!--<![endif]-->
        <meta http-equiv="Content-Type" content="text/html; charset=UTF-8">
        <meta name="viewport" content="width=device-width, initial-scale=1">
        <link rel='stylesheet' id='google-font-css-css'  href='https://fonts.googleapis.com/css?family=Poppins%3A400%2C500%2C600' type='text/css' media='all' />
        <style>
            .b-email-wrap{
                background: #ebeef2;
                padding: 40px 0px;
                color: #1A2B48;
                font-size: 14px;
                font-family: 'Poppins', sans-serif !important;
                font-weight: normal;
                line-height: 1.5;
                overflow-x: hidden;
                margin: 0px;
            }
            .b-header{
                background: #5291fa;
                padding: 30px;
                color: white;
            }
            .b-header .site-title,
            .b-header h1,
            .b-header h2,
            .b-header h3,
            .b-header h4,
            .b-header h5,
            .b-header p
            {
                margin:0px;
                display: block;
                text-align: center;
            }
            .b-container{
                max-width: 600px;
                margin: 0px auto;
            }

            .b-panel{
                border: 1px solid rgba(0, 0, 0, 0.1);
                margin-bottom: 30px;
                padding: 30px;
                background: white;
            }
            .b-panel .b-panel{
                padding: 0px;
                box-shadow: none;
            }
            .b-panel-title{
                text-align: center;
                margin-bottom: 30px;
                font-size: 24px;
                font-weight: 500;
            }
            .b-table-wrap{
                overflow-x:auto;
            }
            .b-table{
                width: 100%;
            }
            .b-table tr td,
            .b-table tr th{
                padding: 10px;
            }
            .b-table tr td{
                border-bottom: 1px solid #EAEEF3;;
            }
            .b-table tbody tr:nth-child(even) td{
                /*background: #f5f7fd;*/
            }
            .b-table tbody tr td.label{
                font-weight: 500;
            }
            .b-table tbody tr td.val{
                text-align: right;
            }
            .pricing-list{
                text-align: left;
                margin: 0px;
                padding: 0px;
                list-style: none;
            }
            .pricing-list td{
                padding: 7px 0px;
            }
            .pricing-list td .val{
                text-align: right;
            }
            .pricing-list .no-flex{
                display: block;
            }
            .email-headline{
                margin-top: 0px;
            }

            .text-center{
                text-align: center;
            }

            .btn{
                display: inline-block;
                color: #212529;
                text-align: center;
                vertical-align: middle;
                -webkit-user-select: none;
                -moz-user-select: none;
                -ms-user-select: none;
                user-select: none;
                background-color: transparent;
                line-height: 1.5;
                border: none;
                -webkit-box-shadow: none;
                box-shadow: none;
                border-radius: 3px;
                padding: 10px 20px;
                -webkit-transition: background .2s, color .2s;
                transition: background .2s, color .2s;
                font-size: 14px;
                font-weight: 500;
                text-decoration: none;
            }
            .btn.btn-primary{

                background: #5191FA;
                color: white;
            }
            .mt20{
                margin-top: 20px;
            }
            .no-padding{
                padding: 0px;
            }
            .no-r-padding{
                padding-right: 0px!important;
            }
            .fsz21{
                font-size: 21px;
            }
            .no-b-border{
                border-bottom: 0px!important;
            }
            @media  screen and (max-width: 768px) {
                .b-panel{
                    padding: 15px;
                }
                .b-table tr td,
                .b-table tr th{
                    padding-right: 2px;
                    padding-left: 2px;
                }
                .b-panel-title{
                    font-size: 18px;
                    font-weight: bold;
                    margin-bottom: 15px;
                }
                .b-email-wrap{
                    padding: 0px;
                }
            }
        </style>
    </head>
    <body>
        <div class="b-email-wrap">
            <div class="" style="">
    <div class="b-container">
        <div class="b-header">
                        <!DOCTYPE html>
<html>
<head>
</head>
<body>
<h1 class="site-title" style="text-align: center;">Booking</h1>
</body>
</html>
        </div>
    </div>
</div>

            
    <div class="b-container">
        <div class="b-panel">
                                <h3 class="email-headline"><strong>Hello Василий</strong></h3>
                    <p>Thank you for booking with us. Here are your booking information:</p>
                
            <div class="b-panel-title">Информация о бронировании</div>
<div class="b-table-wrap">
    <table class="b-table" cellspacing="0" cellpadding="0">
        <tr>
            <td class="label">Номер заказа</td>
            <td class="val">#29</td>
        </tr>
        <tr>
            <td class="label">Статус бронирования</td>
            <td class="val">Processing</td>
        </tr>
                    <tr>
                <td class="label">Способ оплаты</td>
                <td class="val">Paypal</td>
            </tr>
                <tr>
            <td class="label">Название апартамента</td>
            <td class="val">
                <a href="http://localhost:8000/tour/4-komnatnyy-dom-posutochno-370-m2-8-sot-sagadata-nurmagambetova-192-voad">4-комнатный дом посуточно, 370 м², 8 сот., Сагадата Нурмагамбетова 192 — Воад</a>
            </td>

        </tr>
        <tr>
                            <td class="label">Локация</td>
                <td class="val">
                    27 А
                </td>
                    </tr>
                    <tr>
                <td class="label">Дата начала</td>
                <td class="val">06/09/2020</td>
            </tr>
        
        
                                    <tr>
                    <td class="label">Количество дней:</td>
                    <td class="val">
                        <strong>2</strong>
                    </td>
                </tr>
                            <tr>
            <td class="label">Цена</td>
            <td class="val no-r-padding">
                <table class="pricing-list" width="100%">
                    
                                                                        <tr>
                                <td class="label">Количество дней: 2 * $122</td>
                                <td class="val no-r-padding">
                                    <strong>$244</strong>
                                </td>
                            </tr>
                                            
                    
                    
                                                        </table>
            </td>
        </tr>
        <tr>
            <td class="label fsz21">Итого</td>
            <td class="val fsz21"><strong style="color: #FA5636">$244</strong></td>
        </tr>
    </table>
</div>
<div class="text-center mt20">
    <a href="http://localhost:8000/user/booking-history" target="_blank" class="btn btn-primary">Управление бронированием</a>
</div>
        </div>
        <div class="b-panel">
    <div class="b-panel-title">Информация о клиенте</div>
    <div class="b-table-wrap">
        <table class="b-table" cellspacing="0" cellpadding="0">
            <tr class="info-first-name">
                <td class="label">Имя</td>
                <td class="val">Василий</td>
            </tr>
            <tr class="info-last-name">
                <td class="label">Фамилия</td>
                <td class="val">Волков</td>
            </tr>
            <tr class="info-email">
                <td class="label">Электронный адрес</td>
                <td class="val">accnt5533@gmail.com</td>
            </tr>
            <tr class="info-city">
                <td class="label">Город проживания</td>
                <td class="val"></td>
            </tr>
            <tr class="info-country">
                <td class="label">Страна проживания</td>
                <td class="val"></td>
            </tr>
            <tr class="info-notes">
                <td class="label">Специальные требования</td>
                <td class="val"></td>
            </tr>
        </table>
    </div>
</div>
    </div>

            <div class="b-footer" style="margin-top: 0px;">
    <div class="b-container">
        <!DOCTYPE html>
<html>
<head>
</head>
<body>

</body>
</html>
    </div>
</div>

        </div>
    </body>
</html>
  
